Determining if the pthread_create exist failed with the following output:
Change Dir: /home/jacksubuntu/philbart_ws/build/philbart_navigation/CMakeFiles/CMakeTmp

Run Build Command:"/usr/bin/make" "cmTC_7ab84/fast"
/usr/bin/make -f CMakeFiles/cmTC_7ab84.dir/build.make CMakeFiles/cmTC_7ab84.dir/build
make[1]: Entering directory '/home/jacksubuntu/philbart_ws/build/philbart_navigation/CMakeFiles/CMakeTmp'
Building C object CMakeFiles/cmTC_7ab84.dir/CheckSymbolExists.c.o
/usr/bin/cc    -o CMakeFiles/cmTC_7ab84.dir/CheckSymbolExists.c.o   -c /home/jacksubuntu/philbart_ws/build/philbart_navigation/CMakeFiles/CMakeTmp/CheckSymbolExists.c
Linking C executable cmTC_7ab84
/home/jacksubuntu/cmake-3.8.0-rc3-Linux-x86_64/bin/cmake -E cmake_link_script CMakeFiles/cmTC_7ab84.dir/link.txt --verbose=1
/usr/bin/cc      -rdynamic CMakeFiles/cmTC_7ab84.dir/CheckSymbolExists.c.o  -o cmTC_7ab84 
CMakeFiles/cmTC_7ab84.dir/CheckSymbolExists.c.o: In function `main':
CheckSymbolExists.c:(.text+0x16): undefined reference to `pthread_create'
collect2: error: ld returned 1 exit status
CMakeFiles/cmTC_7ab84.dir/build.make:97: recipe for target 'cmTC_7ab84' failed
make[1]: *** [cmTC_7ab84] Error 1
make[1]: Leaving directory '/home/jacksubuntu/philbart_ws/build/philbart_navigation/CMakeFiles/CMakeTmp'
Makefile:126: recipe for target 'cmTC_7ab84/fast' failed
make: *** [cmTC_7ab84/fast] Error 2

File /home/jacksubuntu/philbart_ws/build/philbart_navigation/CMakeFiles/CMakeTmp/CheckSymbolExists.c:
/* */
#include <pthread.h>

int main(int argc, char** argv)
{
  (void)argv;
#ifndef pthread_create
  return ((int*)(&pthread_create))[argc];
#else
  (void)argc;
  return 0;
#endif
}

Determining if the function pthread_create exists in the pthreads failed with the following output:
Change Dir: /home/jacksubuntu/philbart_ws/build/philbart_navigation/CMakeFiles/CMakeTmp

Run Build Command:"/usr/bin/make" "cmTC_b8bfc/fast"
/usr/bin/make -f CMakeFiles/cmTC_b8bfc.dir/build.make CMakeFiles/cmTC_b8bfc.dir/build
make[1]: Entering directory '/home/jacksubuntu/philbart_ws/build/philbart_navigation/CMakeFiles/CMakeTmp'
Building C object CMakeFiles/cmTC_b8bfc.dir/CheckFunctionExists.c.o
/usr/bin/cc   -DCHECK_FUNCTION_EXISTS=pthread_create   -o CMakeFiles/cmTC_b8bfc.dir/CheckFunctionExists.c.o   -c /home/jacksubuntu/cmake-3.8.0-rc3-Linux-x86_64/share/cmake-3.8/Modules/CheckFunctionExists.c
Linking C executable cmTC_b8bfc
/home/jacksubuntu/cmake-3.8.0-rc3-Linux-x86_64/bin/cmake -E cmake_link_script CMakeFiles/cmTC_b8bfc.dir/link.txt --verbose=1
/usr/bin/cc  -DCHECK_FUNCTION_EXISTS=pthread_create    -rdynamic CMakeFiles/cmTC_b8bfc.dir/CheckFunctionExists.c.o  -o cmTC_b8bfc -lpthreads 
/usr/bin/ld: cannot find -lpthreads
collect2: error: ld returned 1 exit status
CMakeFiles/cmTC_b8bfc.dir/build.make:97: recipe for target 'cmTC_b8bfc' failed
make[1]: *** [cmTC_b8bfc] Error 1
make[1]: Leaving directory '/home/jacksubuntu/philbart_ws/build/philbart_navigation/CMakeFiles/CMakeTmp'
Makefile:126: recipe for target 'cmTC_b8bfc/fast' failed
make: *** [cmTC_b8bfc/fast] Error 2


