Linked: (/home/jacksubuntu/philbart_ws/devel/.private/piksi_rtk_msgs/share/piksi_rtk_msgs/cmake/piksi_rtk_msgsConfig-version.cmake, /home/jacksubuntu/philbart_ws/devel/share/piksi_rtk_msgs/cmake/piksi_rtk_msgsConfig-version.cmake)
Linked: (/home/jacksubuntu/philbart_ws/devel/.private/piksi_rtk_msgs/share/piksi_rtk_msgs/cmake/piksi_rtk_msgs-msg-paths.cmake, /home/jacksubuntu/philbart_ws/devel/share/piksi_rtk_msgs/cmake/piksi_rtk_msgs-msg-paths.cmake)
Linked: (/home/jacksubuntu/philbart_ws/devel/.private/piksi_rtk_msgs/share/piksi_rtk_msgs/cmake/piksi_rtk_msgs-msg-extras.cmake, /home/jacksubuntu/philbart_ws/devel/share/piksi_rtk_msgs/cmake/piksi_rtk_msgs-msg-extras.cmake)
Linked: (/home/jacksubuntu/philbart_ws/devel/.private/piksi_rtk_msgs/share/piksi_rtk_msgs/cmake/piksi_rtk_msgsConfig.cmake, /home/jacksubuntu/philbart_ws/devel/share/piksi_rtk_msgs/cmake/piksi_rtk_msgsConfig.cmake)
Linked: (/home/jacksubuntu/philbart_ws/devel/.private/piksi_rtk_msgs/share/common-lisp/ros/piksi_rtk_msgs/msg/_package_Observation.lisp, /home/jacksubuntu/philbart_ws/devel/share/common-lisp/ros/piksi_rtk_msgs/msg/_package_Observation.lisp)
Linked: (/home/jacksubuntu/philbart_ws/devel/.private/piksi_rtk_msgs/share/common-lisp/ros/piksi_rtk_msgs/msg/_package_DeviceMonitor_V2_3_15.lisp, /home/jacksubuntu/philbart_ws/devel/share/common-lisp/ros/piksi_rtk_msgs/msg/_package_DeviceMonitor_V2_3_15.lisp)
Linked: (/home/jacksubuntu/philbart_ws/devel/.private/piksi_rtk_msgs/share/common-lisp/ros/piksi_rtk_msgs/msg/_package_VelNed.lisp, /home/jacksubuntu/philbart_ws/devel/share/common-lisp/ros/piksi_rtk_msgs/msg/_package_VelNed.lisp)
Linked: (/home/jacksubuntu/philbart_ws/devel/.private/piksi_rtk_msgs/share/common-lisp/ros/piksi_rtk_msgs/msg/DopsMulti.lisp, /home/jacksubuntu/philbart_ws/devel/share/common-lisp/ros/piksi_rtk_msgs/msg/DopsMulti.lisp)
Linked: (/home/jacksubuntu/philbart_ws/devel/.private/piksi_rtk_msgs/share/common-lisp/ros/piksi_rtk_msgs/msg/_package_ReceiverState.lisp, /home/jacksubuntu/philbart_ws/devel/share/common-lisp/ros/piksi_rtk_msgs/msg/_package_ReceiverState.lisp)
Linked: (/home/jacksubuntu/philbart_ws/devel/.private/piksi_rtk_msgs/share/common-lisp/ros/piksi_rtk_msgs/msg/_package_TrackingState_V2_2_15.lisp, /home/jacksubuntu/philbart_ws/devel/share/common-lisp/ros/piksi_rtk_msgs/msg/_package_TrackingState_V2_2_15.lisp)
Linked: (/home/jacksubuntu/philbart_ws/devel/.private/piksi_rtk_msgs/share/common-lisp/ros/piksi_rtk_msgs/msg/_package_ReceiverState_V2_4_1.lisp, /home/jacksubuntu/philbart_ws/devel/share/common-lisp/ros/piksi_rtk_msgs/msg/_package_ReceiverState_V2_4_1.lisp)
Linked: (/home/jacksubuntu/philbart_ws/devel/.private/piksi_rtk_msgs/share/common-lisp/ros/piksi_rtk_msgs/msg/_package.lisp, /home/jacksubuntu/philbart_ws/devel/share/common-lisp/ros/piksi_rtk_msgs/msg/_package.lisp)
Linked: (/home/jacksubuntu/philbart_ws/devel/.private/piksi_rtk_msgs/share/common-lisp/ros/piksi_rtk_msgs/msg/_package_PosLlh.lisp, /home/jacksubuntu/philbart_ws/devel/share/common-lisp/ros/piksi_rtk_msgs/msg/_package_PosLlh.lisp)
Linked: (/home/jacksubuntu/philbart_ws/devel/.private/piksi_rtk_msgs/share/common-lisp/ros/piksi_rtk_msgs/msg/_package_PosLlhMulti.lisp, /home/jacksubuntu/philbart_ws/devel/share/common-lisp/ros/piksi_rtk_msgs/msg/_package_PosLlhMulti.lisp)
Linked: (/home/jacksubuntu/philbart_ws/devel/.private/piksi_rtk_msgs/share/common-lisp/ros/piksi_rtk_msgs/msg/VelNed.lisp, /home/jacksubuntu/philbart_ws/devel/share/common-lisp/ros/piksi_rtk_msgs/msg/VelNed.lisp)
Linked: (/home/jacksubuntu/philbart_ws/devel/.private/piksi_rtk_msgs/share/common-lisp/ros/piksi_rtk_msgs/msg/ImuRawMulti.lisp, /home/jacksubuntu/philbart_ws/devel/share/common-lisp/ros/piksi_rtk_msgs/msg/ImuRawMulti.lisp)
Linked: (/home/jacksubuntu/philbart_ws/devel/.private/piksi_rtk_msgs/share/common-lisp/ros/piksi_rtk_msgs/msg/Dops.lisp, /home/jacksubuntu/philbart_ws/devel/share/common-lisp/ros/piksi_rtk_msgs/msg/Dops.lisp)
Linked: (/home/jacksubuntu/philbart_ws/devel/.private/piksi_rtk_msgs/share/common-lisp/ros/piksi_rtk_msgs/msg/_package_PosEcef.lisp, /home/jacksubuntu/philbart_ws/devel/share/common-lisp/ros/piksi_rtk_msgs/msg/_package_PosEcef.lisp)
Linked: (/home/jacksubuntu/philbart_ws/devel/.private/piksi_rtk_msgs/share/common-lisp/ros/piksi_rtk_msgs/msg/_package_TrackingState_V2_3_15.lisp, /home/jacksubuntu/philbart_ws/devel/share/common-lisp/ros/piksi_rtk_msgs/msg/_package_TrackingState_V2_3_15.lisp)
Linked: (/home/jacksubuntu/philbart_ws/devel/.private/piksi_rtk_msgs/share/common-lisp/ros/piksi_rtk_msgs/msg/Log.lisp, /home/jacksubuntu/philbart_ws/devel/share/common-lisp/ros/piksi_rtk_msgs/msg/Log.lisp)
Linked: (/home/jacksubuntu/philbart_ws/devel/.private/piksi_rtk_msgs/share/common-lisp/ros/piksi_rtk_msgs/msg/_package_GpsTimeMulti.lisp, /home/jacksubuntu/philbart_ws/devel/share/common-lisp/ros/piksi_rtk_msgs/msg/_package_GpsTimeMulti.lisp)
Linked: (/home/jacksubuntu/philbart_ws/devel/.private/piksi_rtk_msgs/share/common-lisp/ros/piksi_rtk_msgs/msg/piksi_rtk_msgs-msg.asd, /home/jacksubuntu/philbart_ws/devel/share/common-lisp/ros/piksi_rtk_msgs/msg/piksi_rtk_msgs-msg.asd)
Linked: (/home/jacksubuntu/philbart_ws/devel/.private/piksi_rtk_msgs/share/common-lisp/ros/piksi_rtk_msgs/msg/_package_MagRaw.lisp, /home/jacksubuntu/philbart_ws/devel/share/common-lisp/ros/piksi_rtk_msgs/msg/_package_MagRaw.lisp)
Linked: (/home/jacksubuntu/philbart_ws/devel/.private/piksi_rtk_msgs/share/common-lisp/ros/piksi_rtk_msgs/msg/Observation.lisp, /home/jacksubuntu/philbart_ws/devel/share/common-lisp/ros/piksi_rtk_msgs/msg/Observation.lisp)
Linked: (/home/jacksubuntu/philbart_ws/devel/.private/piksi_rtk_msgs/share/common-lisp/ros/piksi_rtk_msgs/msg/UartState_V2_3_15.lisp, /home/jacksubuntu/philbart_ws/devel/share/common-lisp/ros/piksi_rtk_msgs/msg/UartState_V2_3_15.lisp)
Linked: (/home/jacksubuntu/philbart_ws/devel/.private/piksi_rtk_msgs/share/common-lisp/ros/piksi_rtk_msgs/msg/PosLlhMulti.lisp, /home/jacksubuntu/philbart_ws/devel/share/common-lisp/ros/piksi_rtk_msgs/msg/PosLlhMulti.lisp)
Linked: (/home/jacksubuntu/philbart_ws/devel/.private/piksi_rtk_msgs/share/common-lisp/ros/piksi_rtk_msgs/msg/_package_BaselineEcef.lisp, /home/jacksubuntu/philbart_ws/devel/share/common-lisp/ros/piksi_rtk_msgs/msg/_package_BaselineEcef.lisp)
Linked: (/home/jacksubuntu/philbart_ws/devel/.private/piksi_rtk_msgs/share/common-lisp/ros/piksi_rtk_msgs/msg/_package_Heartbeat.lisp, /home/jacksubuntu/philbart_ws/devel/share/common-lisp/ros/piksi_rtk_msgs/msg/_package_Heartbeat.lisp)
Linked: (/home/jacksubuntu/philbart_ws/devel/.private/piksi_rtk_msgs/share/common-lisp/ros/piksi_rtk_msgs/msg/_package_Dops.lisp, /home/jacksubuntu/philbart_ws/devel/share/common-lisp/ros/piksi_rtk_msgs/msg/_package_Dops.lisp)
Linked: (/home/jacksubuntu/philbart_ws/devel/.private/piksi_rtk_msgs/share/common-lisp/ros/piksi_rtk_msgs/msg/_package_ImuAuxMulti.lisp, /home/jacksubuntu/philbart_ws/devel/share/common-lisp/ros/piksi_rtk_msgs/msg/_package_ImuAuxMulti.lisp)
Linked: (/home/jacksubuntu/philbart_ws/devel/.private/piksi_rtk_msgs/share/common-lisp/ros/piksi_rtk_msgs/msg/_package_UtcTimeMulti.lisp, /home/jacksubuntu/philbart_ws/devel/share/common-lisp/ros/piksi_rtk_msgs/msg/_package_UtcTimeMulti.lisp)
Linked: (/home/jacksubuntu/philbart_ws/devel/.private/piksi_rtk_msgs/share/common-lisp/ros/piksi_rtk_msgs/msg/PosEcef.lisp, /home/jacksubuntu/philbart_ws/devel/share/common-lisp/ros/piksi_rtk_msgs/msg/PosEcef.lisp)
Linked: (/home/jacksubuntu/philbart_ws/devel/.private/piksi_rtk_msgs/share/common-lisp/ros/piksi_rtk_msgs/msg/DeviceMonitor_V2_3_15.lisp, /home/jacksubuntu/philbart_ws/devel/share/common-lisp/ros/piksi_rtk_msgs/msg/DeviceMonitor_V2_3_15.lisp)
Linked: (/home/jacksubuntu/philbart_ws/devel/.private/piksi_rtk_msgs/share/common-lisp/ros/piksi_rtk_msgs/msg/_package_BasePosEcef.lisp, /home/jacksubuntu/philbart_ws/devel/share/common-lisp/ros/piksi_rtk_msgs/msg/_package_BasePosEcef.lisp)
Linked: (/home/jacksubuntu/philbart_ws/devel/.private/piksi_rtk_msgs/share/common-lisp/ros/piksi_rtk_msgs/msg/AgeOfCorrections.lisp, /home/jacksubuntu/philbart_ws/devel/share/common-lisp/ros/piksi_rtk_msgs/msg/AgeOfCorrections.lisp)
Linked: (/home/jacksubuntu/philbart_ws/devel/.private/piksi_rtk_msgs/share/common-lisp/ros/piksi_rtk_msgs/msg/GpsTime.lisp, /home/jacksubuntu/philbart_ws/devel/share/common-lisp/ros/piksi_rtk_msgs/msg/GpsTime.lisp)
Linked: (/home/jacksubuntu/philbart_ws/devel/.private/piksi_rtk_msgs/share/common-lisp/ros/piksi_rtk_msgs/msg/TrackingState_V2_2_15.lisp, /home/jacksubuntu/philbart_ws/devel/share/common-lisp/ros/piksi_rtk_msgs/msg/TrackingState_V2_2_15.lisp)
Linked: (/home/jacksubuntu/philbart_ws/devel/.private/piksi_rtk_msgs/share/common-lisp/ros/piksi_rtk_msgs/msg/ImuAuxMulti.lisp, /home/jacksubuntu/philbart_ws/devel/share/common-lisp/ros/piksi_rtk_msgs/msg/ImuAuxMulti.lisp)
Linked: (/home/jacksubuntu/philbart_ws/devel/.private/piksi_rtk_msgs/share/common-lisp/ros/piksi_rtk_msgs/msg/_package_GpsTime.lisp, /home/jacksubuntu/philbart_ws/devel/share/common-lisp/ros/piksi_rtk_msgs/msg/_package_GpsTime.lisp)
Linked: (/home/jacksubuntu/philbart_ws/devel/.private/piksi_rtk_msgs/share/common-lisp/ros/piksi_rtk_msgs/msg/_package_Log.lisp, /home/jacksubuntu/philbart_ws/devel/share/common-lisp/ros/piksi_rtk_msgs/msg/_package_Log.lisp)
Linked: (/home/jacksubuntu/philbart_ws/devel/.private/piksi_rtk_msgs/share/common-lisp/ros/piksi_rtk_msgs/msg/BaselineEcef.lisp, /home/jacksubuntu/philbart_ws/devel/share/common-lisp/ros/piksi_rtk_msgs/msg/BaselineEcef.lisp)
Linked: (/home/jacksubuntu/philbart_ws/devel/.private/piksi_rtk_msgs/share/common-lisp/ros/piksi_rtk_msgs/msg/_package_DopsMulti.lisp, /home/jacksubuntu/philbart_ws/devel/share/common-lisp/ros/piksi_rtk_msgs/msg/_package_DopsMulti.lisp)
Linked: (/home/jacksubuntu/philbart_ws/devel/.private/piksi_rtk_msgs/share/common-lisp/ros/piksi_rtk_msgs/msg/InfoWifiCorrections.lisp, /home/jacksubuntu/philbart_ws/devel/share/common-lisp/ros/piksi_rtk_msgs/msg/InfoWifiCorrections.lisp)
Linked: (/home/jacksubuntu/philbart_ws/devel/.private/piksi_rtk_msgs/share/common-lisp/ros/piksi_rtk_msgs/msg/BasePosEcef.lisp, /home/jacksubuntu/philbart_ws/devel/share/common-lisp/ros/piksi_rtk_msgs/msg/BasePosEcef.lisp)
Linked: (/home/jacksubuntu/philbart_ws/devel/.private/piksi_rtk_msgs/share/common-lisp/ros/piksi_rtk_msgs/msg/_package_UartState.lisp, /home/jacksubuntu/philbart_ws/devel/share/common-lisp/ros/piksi_rtk_msgs/msg/_package_UartState.lisp)
Linked: (/home/jacksubuntu/philbart_ws/devel/.private/piksi_rtk_msgs/share/common-lisp/ros/piksi_rtk_msgs/msg/BaselineHeading.lisp, /home/jacksubuntu/philbart_ws/devel/share/common-lisp/ros/piksi_rtk_msgs/msg/BaselineHeading.lisp)
Linked: (/home/jacksubuntu/philbart_ws/devel/.private/piksi_rtk_msgs/share/common-lisp/ros/piksi_rtk_msgs/msg/_package_TrackingState.lisp, /home/jacksubuntu/philbart_ws/devel/share/common-lisp/ros/piksi_rtk_msgs/msg/_package_TrackingState.lisp)
Linked: (/home/jacksubuntu/philbart_ws/devel/.private/piksi_rtk_msgs/share/common-lisp/ros/piksi_rtk_msgs/msg/MagRaw.lisp, /home/jacksubuntu/philbart_ws/devel/share/common-lisp/ros/piksi_rtk_msgs/msg/MagRaw.lisp)
Linked: (/home/jacksubuntu/philbart_ws/devel/.private/piksi_rtk_msgs/share/common-lisp/ros/piksi_rtk_msgs/msg/_package_VelEcef.lisp, /home/jacksubuntu/philbart_ws/devel/share/common-lisp/ros/piksi_rtk_msgs/msg/_package_VelEcef.lisp)
Linked: (/home/jacksubuntu/philbart_ws/devel/.private/piksi_rtk_msgs/share/common-lisp/ros/piksi_rtk_msgs/msg/GpsTimeMulti.lisp, /home/jacksubuntu/philbart_ws/devel/share/common-lisp/ros/piksi_rtk_msgs/msg/GpsTimeMulti.lisp)
Linked: (/home/jacksubuntu/philbart_ws/devel/.private/piksi_rtk_msgs/share/common-lisp/ros/piksi_rtk_msgs/msg/_package_ReceiverState_V2_2_15.lisp, /home/jacksubuntu/philbart_ws/devel/share/common-lisp/ros/piksi_rtk_msgs/msg/_package_ReceiverState_V2_2_15.lisp)
Linked: (/home/jacksubuntu/philbart_ws/devel/.private/piksi_rtk_msgs/share/common-lisp/ros/piksi_rtk_msgs/msg/ReceiverState.lisp, /home/jacksubuntu/philbart_ws/devel/share/common-lisp/ros/piksi_rtk_msgs/msg/ReceiverState.lisp)
Linked: (/home/jacksubuntu/philbart_ws/devel/.private/piksi_rtk_msgs/share/common-lisp/ros/piksi_rtk_msgs/msg/UartState.lisp, /home/jacksubuntu/philbart_ws/devel/share/common-lisp/ros/piksi_rtk_msgs/msg/UartState.lisp)
Linked: (/home/jacksubuntu/philbart_ws/devel/.private/piksi_rtk_msgs/share/common-lisp/ros/piksi_rtk_msgs/msg/_package_InfoWifiCorrections.lisp, /home/jacksubuntu/philbart_ws/devel/share/common-lisp/ros/piksi_rtk_msgs/msg/_package_InfoWifiCorrections.lisp)
Linked: (/home/jacksubuntu/philbart_ws/devel/.private/piksi_rtk_msgs/share/common-lisp/ros/piksi_rtk_msgs/msg/_package_ImuRawMulti.lisp, /home/jacksubuntu/philbart_ws/devel/share/common-lisp/ros/piksi_rtk_msgs/msg/_package_ImuRawMulti.lisp)
Linked: (/home/jacksubuntu/philbart_ws/devel/.private/piksi_rtk_msgs/share/common-lisp/ros/piksi_rtk_msgs/msg/ReceiverState_V2_3_15.lisp, /home/jacksubuntu/philbart_ws/devel/share/common-lisp/ros/piksi_rtk_msgs/msg/ReceiverState_V2_3_15.lisp)
Linked: (/home/jacksubuntu/philbart_ws/devel/.private/piksi_rtk_msgs/share/common-lisp/ros/piksi_rtk_msgs/msg/_package_BaselineHeading.lisp, /home/jacksubuntu/philbart_ws/devel/share/common-lisp/ros/piksi_rtk_msgs/msg/_package_BaselineHeading.lisp)
Linked: (/home/jacksubuntu/philbart_ws/devel/.private/piksi_rtk_msgs/share/common-lisp/ros/piksi_rtk_msgs/msg/_package_MeasurementState_V2_4_1.lisp, /home/jacksubuntu/philbart_ws/devel/share/common-lisp/ros/piksi_rtk_msgs/msg/_package_MeasurementState_V2_4_1.lisp)
Linked: (/home/jacksubuntu/philbart_ws/devel/.private/piksi_rtk_msgs/share/common-lisp/ros/piksi_rtk_msgs/msg/BasePosLlh.lisp, /home/jacksubuntu/philbart_ws/devel/share/common-lisp/ros/piksi_rtk_msgs/msg/BasePosLlh.lisp)
Linked: (/home/jacksubuntu/philbart_ws/devel/.private/piksi_rtk_msgs/share/common-lisp/ros/piksi_rtk_msgs/msg/_package_BaselineNed.lisp, /home/jacksubuntu/philbart_ws/devel/share/common-lisp/ros/piksi_rtk_msgs/msg/_package_BaselineNed.lisp)
Linked: (/home/jacksubuntu/philbart_ws/devel/.private/piksi_rtk_msgs/share/common-lisp/ros/piksi_rtk_msgs/msg/UtcTimeMulti.lisp, /home/jacksubuntu/philbart_ws/devel/share/common-lisp/ros/piksi_rtk_msgs/msg/UtcTimeMulti.lisp)
Linked: (/home/jacksubuntu/philbart_ws/devel/.private/piksi_rtk_msgs/share/common-lisp/ros/piksi_rtk_msgs/msg/MeasurementState_V2_4_1.lisp, /home/jacksubuntu/philbart_ws/devel/share/common-lisp/ros/piksi_rtk_msgs/msg/MeasurementState_V2_4_1.lisp)
Linked: (/home/jacksubuntu/philbart_ws/devel/.private/piksi_rtk_msgs/share/common-lisp/ros/piksi_rtk_msgs/msg/TrackingState_V2_3_15.lisp, /home/jacksubuntu/philbart_ws/devel/share/common-lisp/ros/piksi_rtk_msgs/msg/TrackingState_V2_3_15.lisp)
Linked: (/home/jacksubuntu/philbart_ws/devel/.private/piksi_rtk_msgs/share/common-lisp/ros/piksi_rtk_msgs/msg/TrackingState.lisp, /home/jacksubuntu/philbart_ws/devel/share/common-lisp/ros/piksi_rtk_msgs/msg/TrackingState.lisp)
Linked: (/home/jacksubuntu/philbart_ws/devel/.private/piksi_rtk_msgs/share/common-lisp/ros/piksi_rtk_msgs/msg/ReceiverState_V2_2_15.lisp, /home/jacksubuntu/philbart_ws/devel/share/common-lisp/ros/piksi_rtk_msgs/msg/ReceiverState_V2_2_15.lisp)
Linked: (/home/jacksubuntu/philbart_ws/devel/.private/piksi_rtk_msgs/share/common-lisp/ros/piksi_rtk_msgs/msg/ReceiverState_V2_4_1.lisp, /home/jacksubuntu/philbart_ws/devel/share/common-lisp/ros/piksi_rtk_msgs/msg/ReceiverState_V2_4_1.lisp)
Linked: (/home/jacksubuntu/philbart_ws/devel/.private/piksi_rtk_msgs/share/common-lisp/ros/piksi_rtk_msgs/msg/_package_AgeOfCorrections.lisp, /home/jacksubuntu/philbart_ws/devel/share/common-lisp/ros/piksi_rtk_msgs/msg/_package_AgeOfCorrections.lisp)
Linked: (/home/jacksubuntu/philbart_ws/devel/.private/piksi_rtk_msgs/share/common-lisp/ros/piksi_rtk_msgs/msg/_package_ReceiverState_V2_3_15.lisp, /home/jacksubuntu/philbart_ws/devel/share/common-lisp/ros/piksi_rtk_msgs/msg/_package_ReceiverState_V2_3_15.lisp)
Linked: (/home/jacksubuntu/philbart_ws/devel/.private/piksi_rtk_msgs/share/common-lisp/ros/piksi_rtk_msgs/msg/Heartbeat.lisp, /home/jacksubuntu/philbart_ws/devel/share/common-lisp/ros/piksi_rtk_msgs/msg/Heartbeat.lisp)
Linked: (/home/jacksubuntu/philbart_ws/devel/.private/piksi_rtk_msgs/share/common-lisp/ros/piksi_rtk_msgs/msg/VelEcef.lisp, /home/jacksubuntu/philbart_ws/devel/share/common-lisp/ros/piksi_rtk_msgs/msg/VelEcef.lisp)
Linked: (/home/jacksubuntu/philbart_ws/devel/.private/piksi_rtk_msgs/share/common-lisp/ros/piksi_rtk_msgs/msg/PosLlh.lisp, /home/jacksubuntu/philbart_ws/devel/share/common-lisp/ros/piksi_rtk_msgs/msg/PosLlh.lisp)
Linked: (/home/jacksubuntu/philbart_ws/devel/.private/piksi_rtk_msgs/share/common-lisp/ros/piksi_rtk_msgs/msg/BaselineNed.lisp, /home/jacksubuntu/philbart_ws/devel/share/common-lisp/ros/piksi_rtk_msgs/msg/BaselineNed.lisp)
Linked: (/home/jacksubuntu/philbart_ws/devel/.private/piksi_rtk_msgs/share/common-lisp/ros/piksi_rtk_msgs/msg/_package_BasePosLlh.lisp, /home/jacksubuntu/philbart_ws/devel/share/common-lisp/ros/piksi_rtk_msgs/msg/_package_BasePosLlh.lisp)
Linked: (/home/jacksubuntu/philbart_ws/devel/.private/piksi_rtk_msgs/share/common-lisp/ros/piksi_rtk_msgs/msg/_package_UartState_V2_3_15.lisp, /home/jacksubuntu/philbart_ws/devel/share/common-lisp/ros/piksi_rtk_msgs/msg/_package_UartState_V2_3_15.lisp)
Linked: (/home/jacksubuntu/philbart_ws/devel/.private/piksi_rtk_msgs/share/common-lisp/ros/piksi_rtk_msgs/srv/_package.lisp, /home/jacksubuntu/philbart_ws/devel/share/common-lisp/ros/piksi_rtk_msgs/srv/_package.lisp)
Linked: (/home/jacksubuntu/philbart_ws/devel/.private/piksi_rtk_msgs/share/common-lisp/ros/piksi_rtk_msgs/srv/piksi_rtk_msgs-srv.asd, /home/jacksubuntu/philbart_ws/devel/share/common-lisp/ros/piksi_rtk_msgs/srv/piksi_rtk_msgs-srv.asd)
Linked: (/home/jacksubuntu/philbart_ws/devel/.private/piksi_rtk_msgs/share/common-lisp/ros/piksi_rtk_msgs/srv/_package_SettingsReadReq.lisp, /home/jacksubuntu/philbart_ws/devel/share/common-lisp/ros/piksi_rtk_msgs/srv/_package_SettingsReadReq.lisp)
Linked: (/home/jacksubuntu/philbart_ws/devel/.private/piksi_rtk_msgs/share/common-lisp/ros/piksi_rtk_msgs/srv/SettingsReadReq.lisp, /home/jacksubuntu/philbart_ws/devel/share/common-lisp/ros/piksi_rtk_msgs/srv/SettingsReadReq.lisp)
Linked: (/home/jacksubuntu/philbart_ws/devel/.private/piksi_rtk_msgs/share/common-lisp/ros/piksi_rtk_msgs/srv/_package_SettingsWrite.lisp, /home/jacksubuntu/philbart_ws/devel/share/common-lisp/ros/piksi_rtk_msgs/srv/_package_SettingsWrite.lisp)
Linked: (/home/jacksubuntu/philbart_ws/devel/.private/piksi_rtk_msgs/share/common-lisp/ros/piksi_rtk_msgs/srv/SettingsWrite.lisp, /home/jacksubuntu/philbart_ws/devel/share/common-lisp/ros/piksi_rtk_msgs/srv/SettingsWrite.lisp)
Linked: (/home/jacksubuntu/philbart_ws/devel/.private/piksi_rtk_msgs/share/common-lisp/ros/piksi_rtk_msgs/srv/SettingsReadResp.lisp, /home/jacksubuntu/philbart_ws/devel/share/common-lisp/ros/piksi_rtk_msgs/srv/SettingsReadResp.lisp)
Linked: (/home/jacksubuntu/philbart_ws/devel/.private/piksi_rtk_msgs/share/common-lisp/ros/piksi_rtk_msgs/srv/_package_SettingsReadResp.lisp, /home/jacksubuntu/philbart_ws/devel/share/common-lisp/ros/piksi_rtk_msgs/srv/_package_SettingsReadResp.lisp)
Linked: (/home/jacksubuntu/philbart_ws/devel/.private/piksi_rtk_msgs/share/roseus/ros/piksi_rtk_msgs/manifest.l, /home/jacksubuntu/philbart_ws/devel/share/roseus/ros/piksi_rtk_msgs/manifest.l)
Linked: (/home/jacksubuntu/philbart_ws/devel/.private/piksi_rtk_msgs/share/roseus/ros/piksi_rtk_msgs/msg/TrackingState.l, /home/jacksubuntu/philbart_ws/devel/share/roseus/ros/piksi_rtk_msgs/msg/TrackingState.l)
Linked: (/home/jacksubuntu/philbart_ws/devel/.private/piksi_rtk_msgs/share/roseus/ros/piksi_rtk_msgs/msg/BaselineNed.l, /home/jacksubuntu/philbart_ws/devel/share/roseus/ros/piksi_rtk_msgs/msg/BaselineNed.l)
Linked: (/home/jacksubuntu/philbart_ws/devel/.private/piksi_rtk_msgs/share/roseus/ros/piksi_rtk_msgs/msg/DopsMulti.l, /home/jacksubuntu/philbart_ws/devel/share/roseus/ros/piksi_rtk_msgs/msg/DopsMulti.l)
Linked: (/home/jacksubuntu/philbart_ws/devel/.private/piksi_rtk_msgs/share/roseus/ros/piksi_rtk_msgs/msg/UartState_V2_3_15.l, /home/jacksubuntu/philbart_ws/devel/share/roseus/ros/piksi_rtk_msgs/msg/UartState_V2_3_15.l)
Linked: (/home/jacksubuntu/philbart_ws/devel/.private/piksi_rtk_msgs/share/roseus/ros/piksi_rtk_msgs/msg/ImuAuxMulti.l, /home/jacksubuntu/philbart_ws/devel/share/roseus/ros/piksi_rtk_msgs/msg/ImuAuxMulti.l)
Linked: (/home/jacksubuntu/philbart_ws/devel/.private/piksi_rtk_msgs/share/roseus/ros/piksi_rtk_msgs/msg/BasePosLlh.l, /home/jacksubuntu/philbart_ws/devel/share/roseus/ros/piksi_rtk_msgs/msg/BasePosLlh.l)
Linked: (/home/jacksubuntu/philbart_ws/devel/.private/piksi_rtk_msgs/share/roseus/ros/piksi_rtk_msgs/msg/ReceiverState.l, /home/jacksubuntu/philbart_ws/devel/share/roseus/ros/piksi_rtk_msgs/msg/ReceiverState.l)
Linked: (/home/jacksubuntu/philbart_ws/devel/.private/piksi_rtk_msgs/share/roseus/ros/piksi_rtk_msgs/msg/TrackingState_V2_2_15.l, /home/jacksubuntu/philbart_ws/devel/share/roseus/ros/piksi_rtk_msgs/msg/TrackingState_V2_2_15.l)
Linked: (/home/jacksubuntu/philbart_ws/devel/.private/piksi_rtk_msgs/share/roseus/ros/piksi_rtk_msgs/msg/ImuRawMulti.l, /home/jacksubuntu/philbart_ws/devel/share/roseus/ros/piksi_rtk_msgs/msg/ImuRawMulti.l)
Linked: (/home/jacksubuntu/philbart_ws/devel/.private/piksi_rtk_msgs/share/roseus/ros/piksi_rtk_msgs/msg/UartState.l, /home/jacksubuntu/philbart_ws/devel/share/roseus/ros/piksi_rtk_msgs/msg/UartState.l)
Linked: (/home/jacksubuntu/philbart_ws/devel/.private/piksi_rtk_msgs/share/roseus/ros/piksi_rtk_msgs/msg/ReceiverState_V2_4_1.l, /home/jacksubuntu/philbart_ws/devel/share/roseus/ros/piksi_rtk_msgs/msg/ReceiverState_V2_4_1.l)
Linked: (/home/jacksubuntu/philbart_ws/devel/.private/piksi_rtk_msgs/share/roseus/ros/piksi_rtk_msgs/msg/Heartbeat.l, /home/jacksubuntu/philbart_ws/devel/share/roseus/ros/piksi_rtk_msgs/msg/Heartbeat.l)
Linked: (/home/jacksubuntu/philbart_ws/devel/.private/piksi_rtk_msgs/share/roseus/ros/piksi_rtk_msgs/msg/BaselineEcef.l, /home/jacksubuntu/philbart_ws/devel/share/roseus/ros/piksi_rtk_msgs/msg/BaselineEcef.l)
Linked: (/home/jacksubuntu/philbart_ws/devel/.private/piksi_rtk_msgs/share/roseus/ros/piksi_rtk_msgs/msg/AgeOfCorrections.l, /home/jacksubuntu/philbart_ws/devel/share/roseus/ros/piksi_rtk_msgs/msg/AgeOfCorrections.l)
Linked: (/home/jacksubuntu/philbart_ws/devel/.private/piksi_rtk_msgs/share/roseus/ros/piksi_rtk_msgs/msg/Dops.l, /home/jacksubuntu/philbart_ws/devel/share/roseus/ros/piksi_rtk_msgs/msg/Dops.l)
Linked: (/home/jacksubuntu/philbart_ws/devel/.private/piksi_rtk_msgs/share/roseus/ros/piksi_rtk_msgs/msg/BaselineHeading.l, /home/jacksubuntu/philbart_ws/devel/share/roseus/ros/piksi_rtk_msgs/msg/BaselineHeading.l)
Linked: (/home/jacksubuntu/philbart_ws/devel/.private/piksi_rtk_msgs/share/roseus/ros/piksi_rtk_msgs/msg/InfoWifiCorrections.l, /home/jacksubuntu/philbart_ws/devel/share/roseus/ros/piksi_rtk_msgs/msg/InfoWifiCorrections.l)
Linked: (/home/jacksubuntu/philbart_ws/devel/.private/piksi_rtk_msgs/share/roseus/ros/piksi_rtk_msgs/msg/MeasurementState_V2_4_1.l, /home/jacksubuntu/philbart_ws/devel/share/roseus/ros/piksi_rtk_msgs/msg/MeasurementState_V2_4_1.l)
Linked: (/home/jacksubuntu/philbart_ws/devel/.private/piksi_rtk_msgs/share/roseus/ros/piksi_rtk_msgs/msg/GpsTimeMulti.l, /home/jacksubuntu/philbart_ws/devel/share/roseus/ros/piksi_rtk_msgs/msg/GpsTimeMulti.l)
Linked: (/home/jacksubuntu/philbart_ws/devel/.private/piksi_rtk_msgs/share/roseus/ros/piksi_rtk_msgs/msg/VelNed.l, /home/jacksubuntu/philbart_ws/devel/share/roseus/ros/piksi_rtk_msgs/msg/VelNed.l)
Linked: (/home/jacksubuntu/philbart_ws/devel/.private/piksi_rtk_msgs/share/roseus/ros/piksi_rtk_msgs/msg/Observation.l, /home/jacksubuntu/philbart_ws/devel/share/roseus/ros/piksi_rtk_msgs/msg/Observation.l)
Linked: (/home/jacksubuntu/philbart_ws/devel/.private/piksi_rtk_msgs/share/roseus/ros/piksi_rtk_msgs/msg/Log.l, /home/jacksubuntu/philbart_ws/devel/share/roseus/ros/piksi_rtk_msgs/msg/Log.l)
Linked: (/home/jacksubuntu/philbart_ws/devel/.private/piksi_rtk_msgs/share/roseus/ros/piksi_rtk_msgs/msg/MagRaw.l, /home/jacksubuntu/philbart_ws/devel/share/roseus/ros/piksi_rtk_msgs/msg/MagRaw.l)
Linked: (/home/jacksubuntu/philbart_ws/devel/.private/piksi_rtk_msgs/share/roseus/ros/piksi_rtk_msgs/msg/BasePosEcef.l, /home/jacksubuntu/philbart_ws/devel/share/roseus/ros/piksi_rtk_msgs/msg/BasePosEcef.l)
Linked: (/home/jacksubuntu/philbart_ws/devel/.private/piksi_rtk_msgs/share/roseus/ros/piksi_rtk_msgs/msg/PosLlh.l, /home/jacksubuntu/philbart_ws/devel/share/roseus/ros/piksi_rtk_msgs/msg/PosLlh.l)
Linked: (/home/jacksubuntu/philbart_ws/devel/.private/piksi_rtk_msgs/share/roseus/ros/piksi_rtk_msgs/msg/PosLlhMulti.l, /home/jacksubuntu/philbart_ws/devel/share/roseus/ros/piksi_rtk_msgs/msg/PosLlhMulti.l)
Linked: (/home/jacksubuntu/philbart_ws/devel/.private/piksi_rtk_msgs/share/roseus/ros/piksi_rtk_msgs/msg/UtcTimeMulti.l, /home/jacksubuntu/philbart_ws/devel/share/roseus/ros/piksi_rtk_msgs/msg/UtcTimeMulti.l)
Linked: (/home/jacksubuntu/philbart_ws/devel/.private/piksi_rtk_msgs/share/roseus/ros/piksi_rtk_msgs/msg/DeviceMonitor_V2_3_15.l, /home/jacksubuntu/philbart_ws/devel/share/roseus/ros/piksi_rtk_msgs/msg/DeviceMonitor_V2_3_15.l)
Linked: (/home/jacksubuntu/philbart_ws/devel/.private/piksi_rtk_msgs/share/roseus/ros/piksi_rtk_msgs/msg/ReceiverState_V2_3_15.l, /home/jacksubuntu/philbart_ws/devel/share/roseus/ros/piksi_rtk_msgs/msg/ReceiverState_V2_3_15.l)
Linked: (/home/jacksubuntu/philbart_ws/devel/.private/piksi_rtk_msgs/share/roseus/ros/piksi_rtk_msgs/msg/GpsTime.l, /home/jacksubuntu/philbart_ws/devel/share/roseus/ros/piksi_rtk_msgs/msg/GpsTime.l)
Linked: (/home/jacksubuntu/philbart_ws/devel/.private/piksi_rtk_msgs/share/roseus/ros/piksi_rtk_msgs/msg/VelEcef.l, /home/jacksubuntu/philbart_ws/devel/share/roseus/ros/piksi_rtk_msgs/msg/VelEcef.l)
Linked: (/home/jacksubuntu/philbart_ws/devel/.private/piksi_rtk_msgs/share/roseus/ros/piksi_rtk_msgs/msg/TrackingState_V2_3_15.l, /home/jacksubuntu/philbart_ws/devel/share/roseus/ros/piksi_rtk_msgs/msg/TrackingState_V2_3_15.l)
Linked: (/home/jacksubuntu/philbart_ws/devel/.private/piksi_rtk_msgs/share/roseus/ros/piksi_rtk_msgs/msg/PosEcef.l, /home/jacksubuntu/philbart_ws/devel/share/roseus/ros/piksi_rtk_msgs/msg/PosEcef.l)
Linked: (/home/jacksubuntu/philbart_ws/devel/.private/piksi_rtk_msgs/share/roseus/ros/piksi_rtk_msgs/msg/ReceiverState_V2_2_15.l, /home/jacksubuntu/philbart_ws/devel/share/roseus/ros/piksi_rtk_msgs/msg/ReceiverState_V2_2_15.l)
Linked: (/home/jacksubuntu/philbart_ws/devel/.private/piksi_rtk_msgs/share/roseus/ros/piksi_rtk_msgs/srv/SettingsWrite.l, /home/jacksubuntu/philbart_ws/devel/share/roseus/ros/piksi_rtk_msgs/srv/SettingsWrite.l)
Linked: (/home/jacksubuntu/philbart_ws/devel/.private/piksi_rtk_msgs/share/roseus/ros/piksi_rtk_msgs/srv/SettingsReadResp.l, /home/jacksubuntu/philbart_ws/devel/share/roseus/ros/piksi_rtk_msgs/srv/SettingsReadResp.l)
Linked: (/home/jacksubuntu/philbart_ws/devel/.private/piksi_rtk_msgs/share/roseus/ros/piksi_rtk_msgs/srv/SettingsReadReq.l, /home/jacksubuntu/philbart_ws/devel/share/roseus/ros/piksi_rtk_msgs/srv/SettingsReadReq.l)
Linked: (/home/jacksubuntu/philbart_ws/devel/.private/piksi_rtk_msgs/share/gennodejs/ros/piksi_rtk_msgs/_index.js, /home/jacksubuntu/philbart_ws/devel/share/gennodejs/ros/piksi_rtk_msgs/_index.js)
Linked: (/home/jacksubuntu/philbart_ws/devel/.private/piksi_rtk_msgs/share/gennodejs/ros/piksi_rtk_msgs/msg/VelEcef.js, /home/jacksubuntu/philbart_ws/devel/share/gennodejs/ros/piksi_rtk_msgs/msg/VelEcef.js)
Linked: (/home/jacksubuntu/philbart_ws/devel/.private/piksi_rtk_msgs/share/gennodejs/ros/piksi_rtk_msgs/msg/InfoWifiCorrections.js, /home/jacksubuntu/philbart_ws/devel/share/gennodejs/ros/piksi_rtk_msgs/msg/InfoWifiCorrections.js)
Linked: (/home/jacksubuntu/philbart_ws/devel/.private/piksi_rtk_msgs/share/gennodejs/ros/piksi_rtk_msgs/msg/DopsMulti.js, /home/jacksubuntu/philbart_ws/devel/share/gennodejs/ros/piksi_rtk_msgs/msg/DopsMulti.js)
Linked: (/home/jacksubuntu/philbart_ws/devel/.private/piksi_rtk_msgs/share/gennodejs/ros/piksi_rtk_msgs/msg/TrackingState_V2_2_15.js, /home/jacksubuntu/philbart_ws/devel/share/gennodejs/ros/piksi_rtk_msgs/msg/TrackingState_V2_2_15.js)
Linked: (/home/jacksubuntu/philbart_ws/devel/.private/piksi_rtk_msgs/share/gennodejs/ros/piksi_rtk_msgs/msg/DeviceMonitor_V2_3_15.js, /home/jacksubuntu/philbart_ws/devel/share/gennodejs/ros/piksi_rtk_msgs/msg/DeviceMonitor_V2_3_15.js)
Linked: (/home/jacksubuntu/philbart_ws/devel/.private/piksi_rtk_msgs/share/gennodejs/ros/piksi_rtk_msgs/msg/VelNed.js, /home/jacksubuntu/philbart_ws/devel/share/gennodejs/ros/piksi_rtk_msgs/msg/VelNed.js)
Linked: (/home/jacksubuntu/philbart_ws/devel/.private/piksi_rtk_msgs/share/gennodejs/ros/piksi_rtk_msgs/msg/GpsTimeMulti.js, /home/jacksubuntu/philbart_ws/devel/share/gennodejs/ros/piksi_rtk_msgs/msg/GpsTimeMulti.js)
Linked: (/home/jacksubuntu/philbart_ws/devel/.private/piksi_rtk_msgs/share/gennodejs/ros/piksi_rtk_msgs/msg/PosEcef.js, /home/jacksubuntu/philbart_ws/devel/share/gennodejs/ros/piksi_rtk_msgs/msg/PosEcef.js)
Linked: (/home/jacksubuntu/philbart_ws/devel/.private/piksi_rtk_msgs/share/gennodejs/ros/piksi_rtk_msgs/msg/UtcTimeMulti.js, /home/jacksubuntu/philbart_ws/devel/share/gennodejs/ros/piksi_rtk_msgs/msg/UtcTimeMulti.js)
Linked: (/home/jacksubuntu/philbart_ws/devel/.private/piksi_rtk_msgs/share/gennodejs/ros/piksi_rtk_msgs/msg/ImuAuxMulti.js, /home/jacksubuntu/philbart_ws/devel/share/gennodejs/ros/piksi_rtk_msgs/msg/ImuAuxMulti.js)
Linked: (/home/jacksubuntu/philbart_ws/devel/.private/piksi_rtk_msgs/share/gennodejs/ros/piksi_rtk_msgs/msg/MeasurementState_V2_4_1.js, /home/jacksubuntu/philbart_ws/devel/share/gennodejs/ros/piksi_rtk_msgs/msg/MeasurementState_V2_4_1.js)
Linked: (/home/jacksubuntu/philbart_ws/devel/.private/piksi_rtk_msgs/share/gennodejs/ros/piksi_rtk_msgs/msg/BasePosLlh.js, /home/jacksubuntu/philbart_ws/devel/share/gennodejs/ros/piksi_rtk_msgs/msg/BasePosLlh.js)
Linked: (/home/jacksubuntu/philbart_ws/devel/.private/piksi_rtk_msgs/share/gennodejs/ros/piksi_rtk_msgs/msg/AgeOfCorrections.js, /home/jacksubuntu/philbart_ws/devel/share/gennodejs/ros/piksi_rtk_msgs/msg/AgeOfCorrections.js)
Linked: (/home/jacksubuntu/philbart_ws/devel/.private/piksi_rtk_msgs/share/gennodejs/ros/piksi_rtk_msgs/msg/Heartbeat.js, /home/jacksubuntu/philbart_ws/devel/share/gennodejs/ros/piksi_rtk_msgs/msg/Heartbeat.js)
Linked: (/home/jacksubuntu/philbart_ws/devel/.private/piksi_rtk_msgs/share/gennodejs/ros/piksi_rtk_msgs/msg/Observation.js, /home/jacksubuntu/philbart_ws/devel/share/gennodejs/ros/piksi_rtk_msgs/msg/Observation.js)
Linked: (/home/jacksubuntu/philbart_ws/devel/.private/piksi_rtk_msgs/share/gennodejs/ros/piksi_rtk_msgs/msg/ReceiverState.js, /home/jacksubuntu/philbart_ws/devel/share/gennodejs/ros/piksi_rtk_msgs/msg/ReceiverState.js)
Linked: (/home/jacksubuntu/philbart_ws/devel/.private/piksi_rtk_msgs/share/gennodejs/ros/piksi_rtk_msgs/msg/Dops.js, /home/jacksubuntu/philbart_ws/devel/share/gennodejs/ros/piksi_rtk_msgs/msg/Dops.js)
Linked: (/home/jacksubuntu/philbart_ws/devel/.private/piksi_rtk_msgs/share/gennodejs/ros/piksi_rtk_msgs/msg/MagRaw.js, /home/jacksubuntu/philbart_ws/devel/share/gennodejs/ros/piksi_rtk_msgs/msg/MagRaw.js)
Linked: (/home/jacksubuntu/philbart_ws/devel/.private/piksi_rtk_msgs/share/gennodejs/ros/piksi_rtk_msgs/msg/ReceiverState_V2_3_15.js, /home/jacksubuntu/philbart_ws/devel/share/gennodejs/ros/piksi_rtk_msgs/msg/ReceiverState_V2_3_15.js)
Linked: (/home/jacksubuntu/philbart_ws/devel/.private/piksi_rtk_msgs/share/gennodejs/ros/piksi_rtk_msgs/msg/ReceiverState_V2_2_15.js, /home/jacksubuntu/philbart_ws/devel/share/gennodejs/ros/piksi_rtk_msgs/msg/ReceiverState_V2_2_15.js)
Linked: (/home/jacksubuntu/philbart_ws/devel/.private/piksi_rtk_msgs/share/gennodejs/ros/piksi_rtk_msgs/msg/ImuRawMulti.js, /home/jacksubuntu/philbart_ws/devel/share/gennodejs/ros/piksi_rtk_msgs/msg/ImuRawMulti.js)
Linked: (/home/jacksubuntu/philbart_ws/devel/.private/piksi_rtk_msgs/share/gennodejs/ros/piksi_rtk_msgs/msg/BaselineEcef.js, /home/jacksubuntu/philbart_ws/devel/share/gennodejs/ros/piksi_rtk_msgs/msg/BaselineEcef.js)
Linked: (/home/jacksubuntu/philbart_ws/devel/.private/piksi_rtk_msgs/share/gennodejs/ros/piksi_rtk_msgs/msg/Log.js, /home/jacksubuntu/philbart_ws/devel/share/gennodejs/ros/piksi_rtk_msgs/msg/Log.js)
Linked: (/home/jacksubuntu/philbart_ws/devel/.private/piksi_rtk_msgs/share/gennodejs/ros/piksi_rtk_msgs/msg/BasePosEcef.js, /home/jacksubuntu/philbart_ws/devel/share/gennodejs/ros/piksi_rtk_msgs/msg/BasePosEcef.js)
Linked: (/home/jacksubuntu/philbart_ws/devel/.private/piksi_rtk_msgs/share/gennodejs/ros/piksi_rtk_msgs/msg/GpsTime.js, /home/jacksubuntu/philbart_ws/devel/share/gennodejs/ros/piksi_rtk_msgs/msg/GpsTime.js)
Linked: (/home/jacksubuntu/philbart_ws/devel/.private/piksi_rtk_msgs/share/gennodejs/ros/piksi_rtk_msgs/msg/_index.js, /home/jacksubuntu/philbart_ws/devel/share/gennodejs/ros/piksi_rtk_msgs/msg/_index.js)
Linked: (/home/jacksubuntu/philbart_ws/devel/.private/piksi_rtk_msgs/share/gennodejs/ros/piksi_rtk_msgs/msg/UartState.js, /home/jacksubuntu/philbart_ws/devel/share/gennodejs/ros/piksi_rtk_msgs/msg/UartState.js)
Linked: (/home/jacksubuntu/philbart_ws/devel/.private/piksi_rtk_msgs/share/gennodejs/ros/piksi_rtk_msgs/msg/TrackingState.js, /home/jacksubuntu/philbart_ws/devel/share/gennodejs/ros/piksi_rtk_msgs/msg/TrackingState.js)
Linked: (/home/jacksubuntu/philbart_ws/devel/.private/piksi_rtk_msgs/share/gennodejs/ros/piksi_rtk_msgs/msg/PosLlhMulti.js, /home/jacksubuntu/philbart_ws/devel/share/gennodejs/ros/piksi_rtk_msgs/msg/PosLlhMulti.js)
Linked: (/home/jacksubuntu/philbart_ws/devel/.private/piksi_rtk_msgs/share/gennodejs/ros/piksi_rtk_msgs/msg/BaselineNed.js, /home/jacksubuntu/philbart_ws/devel/share/gennodejs/ros/piksi_rtk_msgs/msg/BaselineNed.js)
Linked: (/home/jacksubuntu/philbart_ws/devel/.private/piksi_rtk_msgs/share/gennodejs/ros/piksi_rtk_msgs/msg/ReceiverState_V2_4_1.js, /home/jacksubuntu/philbart_ws/devel/share/gennodejs/ros/piksi_rtk_msgs/msg/ReceiverState_V2_4_1.js)
Linked: (/home/jacksubuntu/philbart_ws/devel/.private/piksi_rtk_msgs/share/gennodejs/ros/piksi_rtk_msgs/msg/TrackingState_V2_3_15.js, /home/jacksubuntu/philbart_ws/devel/share/gennodejs/ros/piksi_rtk_msgs/msg/TrackingState_V2_3_15.js)
Linked: (/home/jacksubuntu/philbart_ws/devel/.private/piksi_rtk_msgs/share/gennodejs/ros/piksi_rtk_msgs/msg/UartState_V2_3_15.js, /home/jacksubuntu/philbart_ws/devel/share/gennodejs/ros/piksi_rtk_msgs/msg/UartState_V2_3_15.js)
Linked: (/home/jacksubuntu/philbart_ws/devel/.private/piksi_rtk_msgs/share/gennodejs/ros/piksi_rtk_msgs/msg/BaselineHeading.js, /home/jacksubuntu/philbart_ws/devel/share/gennodejs/ros/piksi_rtk_msgs/msg/BaselineHeading.js)
Linked: (/home/jacksubuntu/philbart_ws/devel/.private/piksi_rtk_msgs/share/gennodejs/ros/piksi_rtk_msgs/msg/PosLlh.js, /home/jacksubuntu/philbart_ws/devel/share/gennodejs/ros/piksi_rtk_msgs/msg/PosLlh.js)
Linked: (/home/jacksubuntu/philbart_ws/devel/.private/piksi_rtk_msgs/share/gennodejs/ros/piksi_rtk_msgs/srv/SettingsReadReq.js, /home/jacksubuntu/philbart_ws/devel/share/gennodejs/ros/piksi_rtk_msgs/srv/SettingsReadReq.js)
Linked: (/home/jacksubuntu/philbart_ws/devel/.private/piksi_rtk_msgs/share/gennodejs/ros/piksi_rtk_msgs/srv/SettingsReadResp.js, /home/jacksubuntu/philbart_ws/devel/share/gennodejs/ros/piksi_rtk_msgs/srv/SettingsReadResp.js)
Linked: (/home/jacksubuntu/philbart_ws/devel/.private/piksi_rtk_msgs/share/gennodejs/ros/piksi_rtk_msgs/srv/_index.js, /home/jacksubuntu/philbart_ws/devel/share/gennodejs/ros/piksi_rtk_msgs/srv/_index.js)
Linked: (/home/jacksubuntu/philbart_ws/devel/.private/piksi_rtk_msgs/share/gennodejs/ros/piksi_rtk_msgs/srv/SettingsWrite.js, /home/jacksubuntu/philbart_ws/devel/share/gennodejs/ros/piksi_rtk_msgs/srv/SettingsWrite.js)
Linked: (/home/jacksubuntu/philbart_ws/devel/.private/piksi_rtk_msgs/include/piksi_rtk_msgs/Observation.h, /home/jacksubuntu/philbart_ws/devel/include/piksi_rtk_msgs/Observation.h)
Linked: (/home/jacksubuntu/philbart_ws/devel/.private/piksi_rtk_msgs/include/piksi_rtk_msgs/UartState.h, /home/jacksubuntu/philbart_ws/devel/include/piksi_rtk_msgs/UartState.h)
Linked: (/home/jacksubuntu/philbart_ws/devel/.private/piksi_rtk_msgs/include/piksi_rtk_msgs/BaselineEcef.h, /home/jacksubuntu/philbart_ws/devel/include/piksi_rtk_msgs/BaselineEcef.h)
Linked: (/home/jacksubuntu/philbart_ws/devel/.private/piksi_rtk_msgs/include/piksi_rtk_msgs/SettingsReadResp.h, /home/jacksubuntu/philbart_ws/devel/include/piksi_rtk_msgs/SettingsReadResp.h)
Linked: (/home/jacksubuntu/philbart_ws/devel/.private/piksi_rtk_msgs/include/piksi_rtk_msgs/SettingsWrite.h, /home/jacksubuntu/philbart_ws/devel/include/piksi_rtk_msgs/SettingsWrite.h)
Linked: (/home/jacksubuntu/philbart_ws/devel/.private/piksi_rtk_msgs/include/piksi_rtk_msgs/VelNed.h, /home/jacksubuntu/philbart_ws/devel/include/piksi_rtk_msgs/VelNed.h)
Linked: (/home/jacksubuntu/philbart_ws/devel/.private/piksi_rtk_msgs/include/piksi_rtk_msgs/AgeOfCorrections.h, /home/jacksubuntu/philbart_ws/devel/include/piksi_rtk_msgs/AgeOfCorrections.h)
Linked: (/home/jacksubuntu/philbart_ws/devel/.private/piksi_rtk_msgs/include/piksi_rtk_msgs/BaselineHeading.h, /home/jacksubuntu/philbart_ws/devel/include/piksi_rtk_msgs/BaselineHeading.h)
Linked: (/home/jacksubuntu/philbart_ws/devel/.private/piksi_rtk_msgs/include/piksi_rtk_msgs/ReceiverState.h, /home/jacksubuntu/philbart_ws/devel/include/piksi_rtk_msgs/ReceiverState.h)
Linked: (/home/jacksubuntu/philbart_ws/devel/.private/piksi_rtk_msgs/include/piksi_rtk_msgs/SettingsWriteRequest.h, /home/jacksubuntu/philbart_ws/devel/include/piksi_rtk_msgs/SettingsWriteRequest.h)
Linked: (/home/jacksubuntu/philbart_ws/devel/.private/piksi_rtk_msgs/include/piksi_rtk_msgs/TrackingState.h, /home/jacksubuntu/philbart_ws/devel/include/piksi_rtk_msgs/TrackingState.h)
Linked: (/home/jacksubuntu/philbart_ws/devel/.private/piksi_rtk_msgs/include/piksi_rtk_msgs/VelEcef.h, /home/jacksubuntu/philbart_ws/devel/include/piksi_rtk_msgs/VelEcef.h)
Linked: (/home/jacksubuntu/philbart_ws/devel/.private/piksi_rtk_msgs/include/piksi_rtk_msgs/SettingsReadReq.h, /home/jacksubuntu/philbart_ws/devel/include/piksi_rtk_msgs/SettingsReadReq.h)
Linked: (/home/jacksubuntu/philbart_ws/devel/.private/piksi_rtk_msgs/include/piksi_rtk_msgs/GpsTime.h, /home/jacksubuntu/philbart_ws/devel/include/piksi_rtk_msgs/GpsTime.h)
Linked: (/home/jacksubuntu/philbart_ws/devel/.private/piksi_rtk_msgs/include/piksi_rtk_msgs/TrackingState_V2_3_15.h, /home/jacksubuntu/philbart_ws/devel/include/piksi_rtk_msgs/TrackingState_V2_3_15.h)
Linked: (/home/jacksubuntu/philbart_ws/devel/.private/piksi_rtk_msgs/include/piksi_rtk_msgs/SettingsReadReqRequest.h, /home/jacksubuntu/philbart_ws/devel/include/piksi_rtk_msgs/SettingsReadReqRequest.h)
Linked: (/home/jacksubuntu/philbart_ws/devel/.private/piksi_rtk_msgs/include/piksi_rtk_msgs/UartState_V2_3_15.h, /home/jacksubuntu/philbart_ws/devel/include/piksi_rtk_msgs/UartState_V2_3_15.h)
Linked: (/home/jacksubuntu/philbart_ws/devel/.private/piksi_rtk_msgs/include/piksi_rtk_msgs/BasePosLlh.h, /home/jacksubuntu/philbart_ws/devel/include/piksi_rtk_msgs/BasePosLlh.h)
Linked: (/home/jacksubuntu/philbart_ws/devel/.private/piksi_rtk_msgs/include/piksi_rtk_msgs/BasePosEcef.h, /home/jacksubuntu/philbart_ws/devel/include/piksi_rtk_msgs/BasePosEcef.h)
Linked: (/home/jacksubuntu/philbart_ws/devel/.private/piksi_rtk_msgs/include/piksi_rtk_msgs/UtcTimeMulti.h, /home/jacksubuntu/philbart_ws/devel/include/piksi_rtk_msgs/UtcTimeMulti.h)
Linked: (/home/jacksubuntu/philbart_ws/devel/.private/piksi_rtk_msgs/include/piksi_rtk_msgs/Heartbeat.h, /home/jacksubuntu/philbart_ws/devel/include/piksi_rtk_msgs/Heartbeat.h)
Linked: (/home/jacksubuntu/philbart_ws/devel/.private/piksi_rtk_msgs/include/piksi_rtk_msgs/PosLlh.h, /home/jacksubuntu/philbart_ws/devel/include/piksi_rtk_msgs/PosLlh.h)
Linked: (/home/jacksubuntu/philbart_ws/devel/.private/piksi_rtk_msgs/include/piksi_rtk_msgs/ReceiverState_V2_4_1.h, /home/jacksubuntu/philbart_ws/devel/include/piksi_rtk_msgs/ReceiverState_V2_4_1.h)
Linked: (/home/jacksubuntu/philbart_ws/devel/.private/piksi_rtk_msgs/include/piksi_rtk_msgs/ImuRawMulti.h, /home/jacksubuntu/philbart_ws/devel/include/piksi_rtk_msgs/ImuRawMulti.h)
Linked: (/home/jacksubuntu/philbart_ws/devel/.private/piksi_rtk_msgs/include/piksi_rtk_msgs/ReceiverState_V2_2_15.h, /home/jacksubuntu/philbart_ws/devel/include/piksi_rtk_msgs/ReceiverState_V2_2_15.h)
Linked: (/home/jacksubuntu/philbart_ws/devel/.private/piksi_rtk_msgs/include/piksi_rtk_msgs/GpsTimeMulti.h, /home/jacksubuntu/philbart_ws/devel/include/piksi_rtk_msgs/GpsTimeMulti.h)
Linked: (/home/jacksubuntu/philbart_ws/devel/.private/piksi_rtk_msgs/include/piksi_rtk_msgs/SettingsReadRespRequest.h, /home/jacksubuntu/philbart_ws/devel/include/piksi_rtk_msgs/SettingsReadRespRequest.h)
Linked: (/home/jacksubuntu/philbart_ws/devel/.private/piksi_rtk_msgs/include/piksi_rtk_msgs/Log.h, /home/jacksubuntu/philbart_ws/devel/include/piksi_rtk_msgs/Log.h)
Linked: (/home/jacksubuntu/philbart_ws/devel/.private/piksi_rtk_msgs/include/piksi_rtk_msgs/MeasurementState_V2_4_1.h, /home/jacksubuntu/philbart_ws/devel/include/piksi_rtk_msgs/MeasurementState_V2_4_1.h)
Linked: (/home/jacksubuntu/philbart_ws/devel/.private/piksi_rtk_msgs/include/piksi_rtk_msgs/PosEcef.h, /home/jacksubuntu/philbart_ws/devel/include/piksi_rtk_msgs/PosEcef.h)
Linked: (/home/jacksubuntu/philbart_ws/devel/.private/piksi_rtk_msgs/include/piksi_rtk_msgs/SettingsReadRespResponse.h, /home/jacksubuntu/philbart_ws/devel/include/piksi_rtk_msgs/SettingsReadRespResponse.h)
Linked: (/home/jacksubuntu/philbart_ws/devel/.private/piksi_rtk_msgs/include/piksi_rtk_msgs/DeviceMonitor_V2_3_15.h, /home/jacksubuntu/philbart_ws/devel/include/piksi_rtk_msgs/DeviceMonitor_V2_3_15.h)
Linked: (/home/jacksubuntu/philbart_ws/devel/.private/piksi_rtk_msgs/include/piksi_rtk_msgs/ImuAuxMulti.h, /home/jacksubuntu/philbart_ws/devel/include/piksi_rtk_msgs/ImuAuxMulti.h)
Linked: (/home/jacksubuntu/philbart_ws/devel/.private/piksi_rtk_msgs/include/piksi_rtk_msgs/PosLlhMulti.h, /home/jacksubuntu/philbart_ws/devel/include/piksi_rtk_msgs/PosLlhMulti.h)
Linked: (/home/jacksubuntu/philbart_ws/devel/.private/piksi_rtk_msgs/include/piksi_rtk_msgs/Dops.h, /home/jacksubuntu/philbart_ws/devel/include/piksi_rtk_msgs/Dops.h)
Linked: (/home/jacksubuntu/philbart_ws/devel/.private/piksi_rtk_msgs/include/piksi_rtk_msgs/BaselineNed.h, /home/jacksubuntu/philbart_ws/devel/include/piksi_rtk_msgs/BaselineNed.h)
Linked: (/home/jacksubuntu/philbart_ws/devel/.private/piksi_rtk_msgs/include/piksi_rtk_msgs/InfoWifiCorrections.h, /home/jacksubuntu/philbart_ws/devel/include/piksi_rtk_msgs/InfoWifiCorrections.h)
Linked: (/home/jacksubuntu/philbart_ws/devel/.private/piksi_rtk_msgs/include/piksi_rtk_msgs/ReceiverState_V2_3_15.h, /home/jacksubuntu/philbart_ws/devel/include/piksi_rtk_msgs/ReceiverState_V2_3_15.h)
Linked: (/home/jacksubuntu/philbart_ws/devel/.private/piksi_rtk_msgs/include/piksi_rtk_msgs/DopsMulti.h, /home/jacksubuntu/philbart_ws/devel/include/piksi_rtk_msgs/DopsMulti.h)
Linked: (/home/jacksubuntu/philbart_ws/devel/.private/piksi_rtk_msgs/include/piksi_rtk_msgs/MagRaw.h, /home/jacksubuntu/philbart_ws/devel/include/piksi_rtk_msgs/MagRaw.h)
Linked: (/home/jacksubuntu/philbart_ws/devel/.private/piksi_rtk_msgs/include/piksi_rtk_msgs/SettingsWriteResponse.h, /home/jacksubuntu/philbart_ws/devel/include/piksi_rtk_msgs/SettingsWriteResponse.h)
Linked: (/home/jacksubuntu/philbart_ws/devel/.private/piksi_rtk_msgs/include/piksi_rtk_msgs/SettingsReadReqResponse.h, /home/jacksubuntu/philbart_ws/devel/include/piksi_rtk_msgs/SettingsReadReqResponse.h)
Linked: (/home/jacksubuntu/philbart_ws/devel/.private/piksi_rtk_msgs/include/piksi_rtk_msgs/TrackingState_V2_2_15.h, /home/jacksubuntu/philbart_ws/devel/include/piksi_rtk_msgs/TrackingState_V2_2_15.h)
Linked: (/home/jacksubuntu/philbart_ws/devel/.private/piksi_rtk_msgs/lib/pkgconfig/piksi_rtk_msgs.pc, /home/jacksubuntu/philbart_ws/devel/lib/pkgconfig/piksi_rtk_msgs.pc)
Linked: (/home/jacksubuntu/philbart_ws/devel/.private/piksi_rtk_msgs/lib/python2.7/dist-packages/piksi_rtk_msgs/__init__.py, /home/jacksubuntu/philbart_ws/devel/lib/python2.7/dist-packages/piksi_rtk_msgs/__init__.py)
Linked: (/home/jacksubuntu/philbart_ws/devel/.private/piksi_rtk_msgs/lib/python2.7/dist-packages/piksi_rtk_msgs/msg/_BasePosEcef.py, /home/jacksubuntu/philbart_ws/devel/lib/python2.7/dist-packages/piksi_rtk_msgs/msg/_BasePosEcef.py)
Linked: (/home/jacksubuntu/philbart_ws/devel/.private/piksi_rtk_msgs/lib/python2.7/dist-packages/piksi_rtk_msgs/msg/_TrackingState_V2_2_15.py, /home/jacksubuntu/philbart_ws/devel/lib/python2.7/dist-packages/piksi_rtk_msgs/msg/_TrackingState_V2_2_15.py)
Linked: (/home/jacksubuntu/philbart_ws/devel/.private/piksi_rtk_msgs/lib/python2.7/dist-packages/piksi_rtk_msgs/msg/_UartState_V2_3_15.py, /home/jacksubuntu/philbart_ws/devel/lib/python2.7/dist-packages/piksi_rtk_msgs/msg/_UartState_V2_3_15.py)
Linked: (/home/jacksubuntu/philbart_ws/devel/.private/piksi_rtk_msgs/lib/python2.7/dist-packages/piksi_rtk_msgs/msg/_ReceiverState.py, /home/jacksubuntu/philbart_ws/devel/lib/python2.7/dist-packages/piksi_rtk_msgs/msg/_ReceiverState.py)
Linked: (/home/jacksubuntu/philbart_ws/devel/.private/piksi_rtk_msgs/lib/python2.7/dist-packages/piksi_rtk_msgs/msg/_Observation.py, /home/jacksubuntu/philbart_ws/devel/lib/python2.7/dist-packages/piksi_rtk_msgs/msg/_Observation.py)
Linked: (/home/jacksubuntu/philbart_ws/devel/.private/piksi_rtk_msgs/lib/python2.7/dist-packages/piksi_rtk_msgs/msg/_ReceiverState_V2_2_15.py, /home/jacksubuntu/philbart_ws/devel/lib/python2.7/dist-packages/piksi_rtk_msgs/msg/_ReceiverState_V2_2_15.py)
Linked: (/home/jacksubuntu/philbart_ws/devel/.private/piksi_rtk_msgs/lib/python2.7/dist-packages/piksi_rtk_msgs/msg/_TrackingState.py, /home/jacksubuntu/philbart_ws/devel/lib/python2.7/dist-packages/piksi_rtk_msgs/msg/_TrackingState.py)
Linked: (/home/jacksubuntu/philbart_ws/devel/.private/piksi_rtk_msgs/lib/python2.7/dist-packages/piksi_rtk_msgs/msg/_PosEcef.py, /home/jacksubuntu/philbart_ws/devel/lib/python2.7/dist-packages/piksi_rtk_msgs/msg/_PosEcef.py)
Linked: (/home/jacksubuntu/philbart_ws/devel/.private/piksi_rtk_msgs/lib/python2.7/dist-packages/piksi_rtk_msgs/msg/_GpsTime.py, /home/jacksubuntu/philbart_ws/devel/lib/python2.7/dist-packages/piksi_rtk_msgs/msg/_GpsTime.py)
Linked: (/home/jacksubuntu/philbart_ws/devel/.private/piksi_rtk_msgs/lib/python2.7/dist-packages/piksi_rtk_msgs/msg/_ImuRawMulti.py, /home/jacksubuntu/philbart_ws/devel/lib/python2.7/dist-packages/piksi_rtk_msgs/msg/_ImuRawMulti.py)
Linked: (/home/jacksubuntu/philbart_ws/devel/.private/piksi_rtk_msgs/lib/python2.7/dist-packages/piksi_rtk_msgs/msg/_BaselineEcef.py, /home/jacksubuntu/philbart_ws/devel/lib/python2.7/dist-packages/piksi_rtk_msgs/msg/_BaselineEcef.py)
Linked: (/home/jacksubuntu/philbart_ws/devel/.private/piksi_rtk_msgs/lib/python2.7/dist-packages/piksi_rtk_msgs/msg/_Heartbeat.py, /home/jacksubuntu/philbart_ws/devel/lib/python2.7/dist-packages/piksi_rtk_msgs/msg/_Heartbeat.py)
Linked: (/home/jacksubuntu/philbart_ws/devel/.private/piksi_rtk_msgs/lib/python2.7/dist-packages/piksi_rtk_msgs/msg/_MagRaw.py, /home/jacksubuntu/philbart_ws/devel/lib/python2.7/dist-packages/piksi_rtk_msgs/msg/_MagRaw.py)
Linked: (/home/jacksubuntu/philbart_ws/devel/.private/piksi_rtk_msgs/lib/python2.7/dist-packages/piksi_rtk_msgs/msg/_UtcTimeMulti.py, /home/jacksubuntu/philbart_ws/devel/lib/python2.7/dist-packages/piksi_rtk_msgs/msg/_UtcTimeMulti.py)
Linked: (/home/jacksubuntu/philbart_ws/devel/.private/piksi_rtk_msgs/lib/python2.7/dist-packages/piksi_rtk_msgs/msg/_BaselineHeading.py, /home/jacksubuntu/philbart_ws/devel/lib/python2.7/dist-packages/piksi_rtk_msgs/msg/_BaselineHeading.py)
Linked: (/home/jacksubuntu/philbart_ws/devel/.private/piksi_rtk_msgs/lib/python2.7/dist-packages/piksi_rtk_msgs/msg/_Log.py, /home/jacksubuntu/philbart_ws/devel/lib/python2.7/dist-packages/piksi_rtk_msgs/msg/_Log.py)
Linked: (/home/jacksubuntu/philbart_ws/devel/.private/piksi_rtk_msgs/lib/python2.7/dist-packages/piksi_rtk_msgs/msg/_AgeOfCorrections.py, /home/jacksubuntu/philbart_ws/devel/lib/python2.7/dist-packages/piksi_rtk_msgs/msg/_AgeOfCorrections.py)
Linked: (/home/jacksubuntu/philbart_ws/devel/.private/piksi_rtk_msgs/lib/python2.7/dist-packages/piksi_rtk_msgs/msg/_ImuAuxMulti.py, /home/jacksubuntu/philbart_ws/devel/lib/python2.7/dist-packages/piksi_rtk_msgs/msg/_ImuAuxMulti.py)
Linked: (/home/jacksubuntu/philbart_ws/devel/.private/piksi_rtk_msgs/lib/python2.7/dist-packages/piksi_rtk_msgs/msg/_ReceiverState_V2_3_15.py, /home/jacksubuntu/philbart_ws/devel/lib/python2.7/dist-packages/piksi_rtk_msgs/msg/_ReceiverState_V2_3_15.py)
Linked: (/home/jacksubuntu/philbart_ws/devel/.private/piksi_rtk_msgs/lib/python2.7/dist-packages/piksi_rtk_msgs/msg/_GpsTimeMulti.py, /home/jacksubuntu/philbart_ws/devel/lib/python2.7/dist-packages/piksi_rtk_msgs/msg/_GpsTimeMulti.py)
Linked: (/home/jacksubuntu/philbart_ws/devel/.private/piksi_rtk_msgs/lib/python2.7/dist-packages/piksi_rtk_msgs/msg/_BaselineNed.py, /home/jacksubuntu/philbart_ws/devel/lib/python2.7/dist-packages/piksi_rtk_msgs/msg/_BaselineNed.py)
Linked: (/home/jacksubuntu/philbart_ws/devel/.private/piksi_rtk_msgs/lib/python2.7/dist-packages/piksi_rtk_msgs/msg/_Dops.py, /home/jacksubuntu/philbart_ws/devel/lib/python2.7/dist-packages/piksi_rtk_msgs/msg/_Dops.py)
Linked: (/home/jacksubuntu/philbart_ws/devel/.private/piksi_rtk_msgs/lib/python2.7/dist-packages/piksi_rtk_msgs/msg/_MeasurementState_V2_4_1.py, /home/jacksubuntu/philbart_ws/devel/lib/python2.7/dist-packages/piksi_rtk_msgs/msg/_MeasurementState_V2_4_1.py)
Linked: (/home/jacksubuntu/philbart_ws/devel/.private/piksi_rtk_msgs/lib/python2.7/dist-packages/piksi_rtk_msgs/msg/_VelEcef.py, /home/jacksubuntu/philbart_ws/devel/lib/python2.7/dist-packages/piksi_rtk_msgs/msg/_VelEcef.py)
Linked: (/home/jacksubuntu/philbart_ws/devel/.private/piksi_rtk_msgs/lib/python2.7/dist-packages/piksi_rtk_msgs/msg/_TrackingState_V2_3_15.py, /home/jacksubuntu/philbart_ws/devel/lib/python2.7/dist-packages/piksi_rtk_msgs/msg/_TrackingState_V2_3_15.py)
Linked: (/home/jacksubuntu/philbart_ws/devel/.private/piksi_rtk_msgs/lib/python2.7/dist-packages/piksi_rtk_msgs/msg/_DopsMulti.py, /home/jacksubuntu/philbart_ws/devel/lib/python2.7/dist-packages/piksi_rtk_msgs/msg/_DopsMulti.py)
Linked: (/home/jacksubuntu/philbart_ws/devel/.private/piksi_rtk_msgs/lib/python2.7/dist-packages/piksi_rtk_msgs/msg/_ReceiverState_V2_4_1.py, /home/jacksubuntu/philbart_ws/devel/lib/python2.7/dist-packages/piksi_rtk_msgs/msg/_ReceiverState_V2_4_1.py)
Linked: (/home/jacksubuntu/philbart_ws/devel/.private/piksi_rtk_msgs/lib/python2.7/dist-packages/piksi_rtk_msgs/msg/__init__.py, /home/jacksubuntu/philbart_ws/devel/lib/python2.7/dist-packages/piksi_rtk_msgs/msg/__init__.py)
Linked: (/home/jacksubuntu/philbart_ws/devel/.private/piksi_rtk_msgs/lib/python2.7/dist-packages/piksi_rtk_msgs/msg/_BasePosLlh.py, /home/jacksubuntu/philbart_ws/devel/lib/python2.7/dist-packages/piksi_rtk_msgs/msg/_BasePosLlh.py)
Linked: (/home/jacksubuntu/philbart_ws/devel/.private/piksi_rtk_msgs/lib/python2.7/dist-packages/piksi_rtk_msgs/msg/_PosLlh.py, /home/jacksubuntu/philbart_ws/devel/lib/python2.7/dist-packages/piksi_rtk_msgs/msg/_PosLlh.py)
Linked: (/home/jacksubuntu/philbart_ws/devel/.private/piksi_rtk_msgs/lib/python2.7/dist-packages/piksi_rtk_msgs/msg/_DeviceMonitor_V2_3_15.py, /home/jacksubuntu/philbart_ws/devel/lib/python2.7/dist-packages/piksi_rtk_msgs/msg/_DeviceMonitor_V2_3_15.py)
Linked: (/home/jacksubuntu/philbart_ws/devel/.private/piksi_rtk_msgs/lib/python2.7/dist-packages/piksi_rtk_msgs/msg/_UartState.py, /home/jacksubuntu/philbart_ws/devel/lib/python2.7/dist-packages/piksi_rtk_msgs/msg/_UartState.py)
Linked: (/home/jacksubuntu/philbart_ws/devel/.private/piksi_rtk_msgs/lib/python2.7/dist-packages/piksi_rtk_msgs/msg/_InfoWifiCorrections.py, /home/jacksubuntu/philbart_ws/devel/lib/python2.7/dist-packages/piksi_rtk_msgs/msg/_InfoWifiCorrections.py)
Linked: (/home/jacksubuntu/philbart_ws/devel/.private/piksi_rtk_msgs/lib/python2.7/dist-packages/piksi_rtk_msgs/msg/_VelNed.py, /home/jacksubuntu/philbart_ws/devel/lib/python2.7/dist-packages/piksi_rtk_msgs/msg/_VelNed.py)
Linked: (/home/jacksubuntu/philbart_ws/devel/.private/piksi_rtk_msgs/lib/python2.7/dist-packages/piksi_rtk_msgs/msg/_PosLlhMulti.py, /home/jacksubuntu/philbart_ws/devel/lib/python2.7/dist-packages/piksi_rtk_msgs/msg/_PosLlhMulti.py)
Linked: (/home/jacksubuntu/philbart_ws/devel/.private/piksi_rtk_msgs/lib/python2.7/dist-packages/piksi_rtk_msgs/srv/_SettingsReadResp.py, /home/jacksubuntu/philbart_ws/devel/lib/python2.7/dist-packages/piksi_rtk_msgs/srv/_SettingsReadResp.py)
Linked: (/home/jacksubuntu/philbart_ws/devel/.private/piksi_rtk_msgs/lib/python2.7/dist-packages/piksi_rtk_msgs/srv/_SettingsReadReq.py, /home/jacksubuntu/philbart_ws/devel/lib/python2.7/dist-packages/piksi_rtk_msgs/srv/_SettingsReadReq.py)
Linked: (/home/jacksubuntu/philbart_ws/devel/.private/piksi_rtk_msgs/lib/python2.7/dist-packages/piksi_rtk_msgs/srv/__init__.py, /home/jacksubuntu/philbart_ws/devel/lib/python2.7/dist-packages/piksi_rtk_msgs/srv/__init__.py)
Linked: (/home/jacksubuntu/philbart_ws/devel/.private/piksi_rtk_msgs/lib/python2.7/dist-packages/piksi_rtk_msgs/srv/_SettingsWrite.py, /home/jacksubuntu/philbart_ws/devel/lib/python2.7/dist-packages/piksi_rtk_msgs/srv/_SettingsWrite.py)
