Symlinking /home/jacksubuntu/philbart_ws/devel/share/piksi_rtk_msgs/cmake/piksi_rtk_msgsConfig-version.cmake
Symlinking /home/jacksubuntu/philbart_ws/devel/share/piksi_rtk_msgs/cmake/piksi_rtk_msgs-msg-paths.cmake
Symlinking /home/jacksubuntu/philbart_ws/devel/share/piksi_rtk_msgs/cmake/piksi_rtk_msgs-msg-extras.cmake
Symlinking /home/jacksubuntu/philbart_ws/devel/share/piksi_rtk_msgs/cmake/piksi_rtk_msgsConfig.cmake
Symlinking /home/jacksubuntu/philbart_ws/devel/share/common-lisp/ros/piksi_rtk_msgs/msg/_package_Observation.lisp
Symlinking /home/jacksubuntu/philbart_ws/devel/share/common-lisp/ros/piksi_rtk_msgs/msg/_package_DeviceMonitor_V2_3_15.lisp
Symlinking /home/jacksubuntu/philbart_ws/devel/share/common-lisp/ros/piksi_rtk_msgs/msg/_package_VelNed.lisp
Symlinking /home/jacksubuntu/philbart_ws/devel/share/common-lisp/ros/piksi_rtk_msgs/msg/DopsMulti.lisp
Symlinking /home/jacksubuntu/philbart_ws/devel/share/common-lisp/ros/piksi_rtk_msgs/msg/_package_ReceiverState.lisp
Symlinking /home/jacksubuntu/philbart_ws/devel/share/common-lisp/ros/piksi_rtk_msgs/msg/_package_TrackingState_V2_2_15.lisp
Symlinking /home/jacksubuntu/philbart_ws/devel/share/common-lisp/ros/piksi_rtk_msgs/msg/_package_ReceiverState_V2_4_1.lisp
Symlinking /home/jacksubuntu/philbart_ws/devel/share/common-lisp/ros/piksi_rtk_msgs/msg/_package.lisp
Symlinking /home/jacksubuntu/philbart_ws/devel/share/common-lisp/ros/piksi_rtk_msgs/msg/_package_PosLlh.lisp
Symlinking /home/jacksubuntu/philbart_ws/devel/share/common-lisp/ros/piksi_rtk_msgs/msg/_package_PosLlhMulti.lisp
Symlinking /home/jacksubuntu/philbart_ws/devel/share/common-lisp/ros/piksi_rtk_msgs/msg/VelNed.lisp
Symlinking /home/jacksubuntu/philbart_ws/devel/share/common-lisp/ros/piksi_rtk_msgs/msg/ImuRawMulti.lisp
Symlinking /home/jacksubuntu/philbart_ws/devel/share/common-lisp/ros/piksi_rtk_msgs/msg/Dops.lisp
Symlinking /home/jacksubuntu/philbart_ws/devel/share/common-lisp/ros/piksi_rtk_msgs/msg/_package_PosEcef.lisp
Symlinking /home/jacksubuntu/philbart_ws/devel/share/common-lisp/ros/piksi_rtk_msgs/msg/_package_TrackingState_V2_3_15.lisp
Symlinking /home/jacksubuntu/philbart_ws/devel/share/common-lisp/ros/piksi_rtk_msgs/msg/Log.lisp
Symlinking /home/jacksubuntu/philbart_ws/devel/share/common-lisp/ros/piksi_rtk_msgs/msg/_package_GpsTimeMulti.lisp
Symlinking /home/jacksubuntu/philbart_ws/devel/share/common-lisp/ros/piksi_rtk_msgs/msg/piksi_rtk_msgs-msg.asd
Symlinking /home/jacksubuntu/philbart_ws/devel/share/common-lisp/ros/piksi_rtk_msgs/msg/_package_MagRaw.lisp
Symlinking /home/jacksubuntu/philbart_ws/devel/share/common-lisp/ros/piksi_rtk_msgs/msg/Observation.lisp
Symlinking /home/jacksubuntu/philbart_ws/devel/share/common-lisp/ros/piksi_rtk_msgs/msg/UartState_V2_3_15.lisp
Symlinking /home/jacksubuntu/philbart_ws/devel/share/common-lisp/ros/piksi_rtk_msgs/msg/PosLlhMulti.lisp
Symlinking /home/jacksubuntu/philbart_ws/devel/share/common-lisp/ros/piksi_rtk_msgs/msg/_package_BaselineEcef.lisp
Symlinking /home/jacksubuntu/philbart_ws/devel/share/common-lisp/ros/piksi_rtk_msgs/msg/_package_Heartbeat.lisp
Symlinking /home/jacksubuntu/philbart_ws/devel/share/common-lisp/ros/piksi_rtk_msgs/msg/_package_Dops.lisp
Symlinking /home/jacksubuntu/philbart_ws/devel/share/common-lisp/ros/piksi_rtk_msgs/msg/_package_ImuAuxMulti.lisp
Symlinking /home/jacksubuntu/philbart_ws/devel/share/common-lisp/ros/piksi_rtk_msgs/msg/_package_UtcTimeMulti.lisp
Symlinking /home/jacksubuntu/philbart_ws/devel/share/common-lisp/ros/piksi_rtk_msgs/msg/PosEcef.lisp
Symlinking /home/jacksubuntu/philbart_ws/devel/share/common-lisp/ros/piksi_rtk_msgs/msg/DeviceMonitor_V2_3_15.lisp
Symlinking /home/jacksubuntu/philbart_ws/devel/share/common-lisp/ros/piksi_rtk_msgs/msg/_package_BasePosEcef.lisp
Symlinking /home/jacksubuntu/philbart_ws/devel/share/common-lisp/ros/piksi_rtk_msgs/msg/AgeOfCorrections.lisp
Symlinking /home/jacksubuntu/philbart_ws/devel/share/common-lisp/ros/piksi_rtk_msgs/msg/GpsTime.lisp
Symlinking /home/jacksubuntu/philbart_ws/devel/share/common-lisp/ros/piksi_rtk_msgs/msg/TrackingState_V2_2_15.lisp
Symlinking /home/jacksubuntu/philbart_ws/devel/share/common-lisp/ros/piksi_rtk_msgs/msg/ImuAuxMulti.lisp
Symlinking /home/jacksubuntu/philbart_ws/devel/share/common-lisp/ros/piksi_rtk_msgs/msg/_package_GpsTime.lisp
Symlinking /home/jacksubuntu/philbart_ws/devel/share/common-lisp/ros/piksi_rtk_msgs/msg/_package_Log.lisp
Symlinking /home/jacksubuntu/philbart_ws/devel/share/common-lisp/ros/piksi_rtk_msgs/msg/BaselineEcef.lisp
Symlinking /home/jacksubuntu/philbart_ws/devel/share/common-lisp/ros/piksi_rtk_msgs/msg/_package_DopsMulti.lisp
Symlinking /home/jacksubuntu/philbart_ws/devel/share/common-lisp/ros/piksi_rtk_msgs/msg/InfoWifiCorrections.lisp
Symlinking /home/jacksubuntu/philbart_ws/devel/share/common-lisp/ros/piksi_rtk_msgs/msg/BasePosEcef.lisp
Symlinking /home/jacksubuntu/philbart_ws/devel/share/common-lisp/ros/piksi_rtk_msgs/msg/_package_UartState.lisp
Symlinking /home/jacksubuntu/philbart_ws/devel/share/common-lisp/ros/piksi_rtk_msgs/msg/BaselineHeading.lisp
Symlinking /home/jacksubuntu/philbart_ws/devel/share/common-lisp/ros/piksi_rtk_msgs/msg/_package_TrackingState.lisp
Symlinking /home/jacksubuntu/philbart_ws/devel/share/common-lisp/ros/piksi_rtk_msgs/msg/MagRaw.lisp
Symlinking /home/jacksubuntu/philbart_ws/devel/share/common-lisp/ros/piksi_rtk_msgs/msg/_package_VelEcef.lisp
Symlinking /home/jacksubuntu/philbart_ws/devel/share/common-lisp/ros/piksi_rtk_msgs/msg/GpsTimeMulti.lisp
Symlinking /home/jacksubuntu/philbart_ws/devel/share/common-lisp/ros/piksi_rtk_msgs/msg/_package_ReceiverState_V2_2_15.lisp
Symlinking /home/jacksubuntu/philbart_ws/devel/share/common-lisp/ros/piksi_rtk_msgs/msg/ReceiverState.lisp
Symlinking /home/jacksubuntu/philbart_ws/devel/share/common-lisp/ros/piksi_rtk_msgs/msg/UartState.lisp
Symlinking /home/jacksubuntu/philbart_ws/devel/share/common-lisp/ros/piksi_rtk_msgs/msg/_package_InfoWifiCorrections.lisp
Symlinking /home/jacksubuntu/philbart_ws/devel/share/common-lisp/ros/piksi_rtk_msgs/msg/_package_ImuRawMulti.lisp
Symlinking /home/jacksubuntu/philbart_ws/devel/share/common-lisp/ros/piksi_rtk_msgs/msg/ReceiverState_V2_3_15.lisp
Symlinking /home/jacksubuntu/philbart_ws/devel/share/common-lisp/ros/piksi_rtk_msgs/msg/_package_BaselineHeading.lisp
Symlinking /home/jacksubuntu/philbart_ws/devel/share/common-lisp/ros/piksi_rtk_msgs/msg/_package_MeasurementState_V2_4_1.lisp
Symlinking /home/jacksubuntu/philbart_ws/devel/share/common-lisp/ros/piksi_rtk_msgs/msg/BasePosLlh.lisp
Symlinking /home/jacksubuntu/philbart_ws/devel/share/common-lisp/ros/piksi_rtk_msgs/msg/_package_BaselineNed.lisp
Symlinking /home/jacksubuntu/philbart_ws/devel/share/common-lisp/ros/piksi_rtk_msgs/msg/UtcTimeMulti.lisp
Symlinking /home/jacksubuntu/philbart_ws/devel/share/common-lisp/ros/piksi_rtk_msgs/msg/MeasurementState_V2_4_1.lisp
Symlinking /home/jacksubuntu/philbart_ws/devel/share/common-lisp/ros/piksi_rtk_msgs/msg/TrackingState_V2_3_15.lisp
Symlinking /home/jacksubuntu/philbart_ws/devel/share/common-lisp/ros/piksi_rtk_msgs/msg/TrackingState.lisp
Symlinking /home/jacksubuntu/philbart_ws/devel/share/common-lisp/ros/piksi_rtk_msgs/msg/ReceiverState_V2_2_15.lisp
Symlinking /home/jacksubuntu/philbart_ws/devel/share/common-lisp/ros/piksi_rtk_msgs/msg/ReceiverState_V2_4_1.lisp
Symlinking /home/jacksubuntu/philbart_ws/devel/share/common-lisp/ros/piksi_rtk_msgs/msg/_package_AgeOfCorrections.lisp
Symlinking /home/jacksubuntu/philbart_ws/devel/share/common-lisp/ros/piksi_rtk_msgs/msg/_package_ReceiverState_V2_3_15.lisp
Symlinking /home/jacksubuntu/philbart_ws/devel/share/common-lisp/ros/piksi_rtk_msgs/msg/Heartbeat.lisp
Symlinking /home/jacksubuntu/philbart_ws/devel/share/common-lisp/ros/piksi_rtk_msgs/msg/VelEcef.lisp
Symlinking /home/jacksubuntu/philbart_ws/devel/share/common-lisp/ros/piksi_rtk_msgs/msg/PosLlh.lisp
Symlinking /home/jacksubuntu/philbart_ws/devel/share/common-lisp/ros/piksi_rtk_msgs/msg/BaselineNed.lisp
Symlinking /home/jacksubuntu/philbart_ws/devel/share/common-lisp/ros/piksi_rtk_msgs/msg/_package_BasePosLlh.lisp
Symlinking /home/jacksubuntu/philbart_ws/devel/share/common-lisp/ros/piksi_rtk_msgs/msg/_package_UartState_V2_3_15.lisp
Symlinking /home/jacksubuntu/philbart_ws/devel/share/common-lisp/ros/piksi_rtk_msgs/srv/_package.lisp
Symlinking /home/jacksubuntu/philbart_ws/devel/share/common-lisp/ros/piksi_rtk_msgs/srv/piksi_rtk_msgs-srv.asd
Symlinking /home/jacksubuntu/philbart_ws/devel/share/common-lisp/ros/piksi_rtk_msgs/srv/_package_SettingsReadReq.lisp
Symlinking /home/jacksubuntu/philbart_ws/devel/share/common-lisp/ros/piksi_rtk_msgs/srv/SettingsReadReq.lisp
Symlinking /home/jacksubuntu/philbart_ws/devel/share/common-lisp/ros/piksi_rtk_msgs/srv/_package_SettingsWrite.lisp
Symlinking /home/jacksubuntu/philbart_ws/devel/share/common-lisp/ros/piksi_rtk_msgs/srv/SettingsWrite.lisp
Symlinking /home/jacksubuntu/philbart_ws/devel/share/common-lisp/ros/piksi_rtk_msgs/srv/SettingsReadResp.lisp
Symlinking /home/jacksubuntu/philbart_ws/devel/share/common-lisp/ros/piksi_rtk_msgs/srv/_package_SettingsReadResp.lisp
Symlinking /home/jacksubuntu/philbart_ws/devel/share/roseus/ros/piksi_rtk_msgs/manifest.l
Symlinking /home/jacksubuntu/philbart_ws/devel/share/roseus/ros/piksi_rtk_msgs/msg/TrackingState.l
Symlinking /home/jacksubuntu/philbart_ws/devel/share/roseus/ros/piksi_rtk_msgs/msg/BaselineNed.l
Symlinking /home/jacksubuntu/philbart_ws/devel/share/roseus/ros/piksi_rtk_msgs/msg/DopsMulti.l
Symlinking /home/jacksubuntu/philbart_ws/devel/share/roseus/ros/piksi_rtk_msgs/msg/UartState_V2_3_15.l
Symlinking /home/jacksubuntu/philbart_ws/devel/share/roseus/ros/piksi_rtk_msgs/msg/ImuAuxMulti.l
Symlinking /home/jacksubuntu/philbart_ws/devel/share/roseus/ros/piksi_rtk_msgs/msg/BasePosLlh.l
Symlinking /home/jacksubuntu/philbart_ws/devel/share/roseus/ros/piksi_rtk_msgs/msg/ReceiverState.l
Symlinking /home/jacksubuntu/philbart_ws/devel/share/roseus/ros/piksi_rtk_msgs/msg/TrackingState_V2_2_15.l
Symlinking /home/jacksubuntu/philbart_ws/devel/share/roseus/ros/piksi_rtk_msgs/msg/ImuRawMulti.l
Symlinking /home/jacksubuntu/philbart_ws/devel/share/roseus/ros/piksi_rtk_msgs/msg/UartState.l
Symlinking /home/jacksubuntu/philbart_ws/devel/share/roseus/ros/piksi_rtk_msgs/msg/ReceiverState_V2_4_1.l
Symlinking /home/jacksubuntu/philbart_ws/devel/share/roseus/ros/piksi_rtk_msgs/msg/Heartbeat.l
Symlinking /home/jacksubuntu/philbart_ws/devel/share/roseus/ros/piksi_rtk_msgs/msg/BaselineEcef.l
Symlinking /home/jacksubuntu/philbart_ws/devel/share/roseus/ros/piksi_rtk_msgs/msg/AgeOfCorrections.l
Symlinking /home/jacksubuntu/philbart_ws/devel/share/roseus/ros/piksi_rtk_msgs/msg/Dops.l
Symlinking /home/jacksubuntu/philbart_ws/devel/share/roseus/ros/piksi_rtk_msgs/msg/BaselineHeading.l
Symlinking /home/jacksubuntu/philbart_ws/devel/share/roseus/ros/piksi_rtk_msgs/msg/InfoWifiCorrections.l
Symlinking /home/jacksubuntu/philbart_ws/devel/share/roseus/ros/piksi_rtk_msgs/msg/MeasurementState_V2_4_1.l
Symlinking /home/jacksubuntu/philbart_ws/devel/share/roseus/ros/piksi_rtk_msgs/msg/GpsTimeMulti.l
Symlinking /home/jacksubuntu/philbart_ws/devel/share/roseus/ros/piksi_rtk_msgs/msg/VelNed.l
Symlinking /home/jacksubuntu/philbart_ws/devel/share/roseus/ros/piksi_rtk_msgs/msg/Observation.l
Symlinking /home/jacksubuntu/philbart_ws/devel/share/roseus/ros/piksi_rtk_msgs/msg/Log.l
Symlinking /home/jacksubuntu/philbart_ws/devel/share/roseus/ros/piksi_rtk_msgs/msg/MagRaw.l
Symlinking /home/jacksubuntu/philbart_ws/devel/share/roseus/ros/piksi_rtk_msgs/msg/BasePosEcef.l
Symlinking /home/jacksubuntu/philbart_ws/devel/share/roseus/ros/piksi_rtk_msgs/msg/PosLlh.l
Symlinking /home/jacksubuntu/philbart_ws/devel/share/roseus/ros/piksi_rtk_msgs/msg/PosLlhMulti.l
Symlinking /home/jacksubuntu/philbart_ws/devel/share/roseus/ros/piksi_rtk_msgs/msg/UtcTimeMulti.l
Symlinking /home/jacksubuntu/philbart_ws/devel/share/roseus/ros/piksi_rtk_msgs/msg/DeviceMonitor_V2_3_15.l
Symlinking /home/jacksubuntu/philbart_ws/devel/share/roseus/ros/piksi_rtk_msgs/msg/ReceiverState_V2_3_15.l
Symlinking /home/jacksubuntu/philbart_ws/devel/share/roseus/ros/piksi_rtk_msgs/msg/GpsTime.l
Symlinking /home/jacksubuntu/philbart_ws/devel/share/roseus/ros/piksi_rtk_msgs/msg/VelEcef.l
Symlinking /home/jacksubuntu/philbart_ws/devel/share/roseus/ros/piksi_rtk_msgs/msg/TrackingState_V2_3_15.l
Symlinking /home/jacksubuntu/philbart_ws/devel/share/roseus/ros/piksi_rtk_msgs/msg/PosEcef.l
Symlinking /home/jacksubuntu/philbart_ws/devel/share/roseus/ros/piksi_rtk_msgs/msg/ReceiverState_V2_2_15.l
Symlinking /home/jacksubuntu/philbart_ws/devel/share/roseus/ros/piksi_rtk_msgs/srv/SettingsWrite.l
Symlinking /home/jacksubuntu/philbart_ws/devel/share/roseus/ros/piksi_rtk_msgs/srv/SettingsReadResp.l
Symlinking /home/jacksubuntu/philbart_ws/devel/share/roseus/ros/piksi_rtk_msgs/srv/SettingsReadReq.l
Symlinking /home/jacksubuntu/philbart_ws/devel/share/gennodejs/ros/piksi_rtk_msgs/_index.js
Symlinking /home/jacksubuntu/philbart_ws/devel/share/gennodejs/ros/piksi_rtk_msgs/msg/VelEcef.js
Symlinking /home/jacksubuntu/philbart_ws/devel/share/gennodejs/ros/piksi_rtk_msgs/msg/InfoWifiCorrections.js
Symlinking /home/jacksubuntu/philbart_ws/devel/share/gennodejs/ros/piksi_rtk_msgs/msg/DopsMulti.js
Symlinking /home/jacksubuntu/philbart_ws/devel/share/gennodejs/ros/piksi_rtk_msgs/msg/TrackingState_V2_2_15.js
Symlinking /home/jacksubuntu/philbart_ws/devel/share/gennodejs/ros/piksi_rtk_msgs/msg/DeviceMonitor_V2_3_15.js
Symlinking /home/jacksubuntu/philbart_ws/devel/share/gennodejs/ros/piksi_rtk_msgs/msg/VelNed.js
Symlinking /home/jacksubuntu/philbart_ws/devel/share/gennodejs/ros/piksi_rtk_msgs/msg/GpsTimeMulti.js
Symlinking /home/jacksubuntu/philbart_ws/devel/share/gennodejs/ros/piksi_rtk_msgs/msg/PosEcef.js
Symlinking /home/jacksubuntu/philbart_ws/devel/share/gennodejs/ros/piksi_rtk_msgs/msg/UtcTimeMulti.js
Symlinking /home/jacksubuntu/philbart_ws/devel/share/gennodejs/ros/piksi_rtk_msgs/msg/ImuAuxMulti.js
Symlinking /home/jacksubuntu/philbart_ws/devel/share/gennodejs/ros/piksi_rtk_msgs/msg/MeasurementState_V2_4_1.js
Symlinking /home/jacksubuntu/philbart_ws/devel/share/gennodejs/ros/piksi_rtk_msgs/msg/BasePosLlh.js
Symlinking /home/jacksubuntu/philbart_ws/devel/share/gennodejs/ros/piksi_rtk_msgs/msg/AgeOfCorrections.js
Symlinking /home/jacksubuntu/philbart_ws/devel/share/gennodejs/ros/piksi_rtk_msgs/msg/Heartbeat.js
Symlinking /home/jacksubuntu/philbart_ws/devel/share/gennodejs/ros/piksi_rtk_msgs/msg/Observation.js
Symlinking /home/jacksubuntu/philbart_ws/devel/share/gennodejs/ros/piksi_rtk_msgs/msg/ReceiverState.js
Symlinking /home/jacksubuntu/philbart_ws/devel/share/gennodejs/ros/piksi_rtk_msgs/msg/Dops.js
Symlinking /home/jacksubuntu/philbart_ws/devel/share/gennodejs/ros/piksi_rtk_msgs/msg/MagRaw.js
Symlinking /home/jacksubuntu/philbart_ws/devel/share/gennodejs/ros/piksi_rtk_msgs/msg/ReceiverState_V2_3_15.js
Symlinking /home/jacksubuntu/philbart_ws/devel/share/gennodejs/ros/piksi_rtk_msgs/msg/ReceiverState_V2_2_15.js
Symlinking /home/jacksubuntu/philbart_ws/devel/share/gennodejs/ros/piksi_rtk_msgs/msg/ImuRawMulti.js
Symlinking /home/jacksubuntu/philbart_ws/devel/share/gennodejs/ros/piksi_rtk_msgs/msg/BaselineEcef.js
Symlinking /home/jacksubuntu/philbart_ws/devel/share/gennodejs/ros/piksi_rtk_msgs/msg/Log.js
Symlinking /home/jacksubuntu/philbart_ws/devel/share/gennodejs/ros/piksi_rtk_msgs/msg/BasePosEcef.js
Symlinking /home/jacksubuntu/philbart_ws/devel/share/gennodejs/ros/piksi_rtk_msgs/msg/GpsTime.js
Symlinking /home/jacksubuntu/philbart_ws/devel/share/gennodejs/ros/piksi_rtk_msgs/msg/_index.js
Symlinking /home/jacksubuntu/philbart_ws/devel/share/gennodejs/ros/piksi_rtk_msgs/msg/UartState.js
Symlinking /home/jacksubuntu/philbart_ws/devel/share/gennodejs/ros/piksi_rtk_msgs/msg/TrackingState.js
Symlinking /home/jacksubuntu/philbart_ws/devel/share/gennodejs/ros/piksi_rtk_msgs/msg/PosLlhMulti.js
Symlinking /home/jacksubuntu/philbart_ws/devel/share/gennodejs/ros/piksi_rtk_msgs/msg/BaselineNed.js
Symlinking /home/jacksubuntu/philbart_ws/devel/share/gennodejs/ros/piksi_rtk_msgs/msg/ReceiverState_V2_4_1.js
Symlinking /home/jacksubuntu/philbart_ws/devel/share/gennodejs/ros/piksi_rtk_msgs/msg/TrackingState_V2_3_15.js
Symlinking /home/jacksubuntu/philbart_ws/devel/share/gennodejs/ros/piksi_rtk_msgs/msg/UartState_V2_3_15.js
Symlinking /home/jacksubuntu/philbart_ws/devel/share/gennodejs/ros/piksi_rtk_msgs/msg/BaselineHeading.js
Symlinking /home/jacksubuntu/philbart_ws/devel/share/gennodejs/ros/piksi_rtk_msgs/msg/PosLlh.js
Symlinking /home/jacksubuntu/philbart_ws/devel/share/gennodejs/ros/piksi_rtk_msgs/srv/SettingsReadReq.js
Symlinking /home/jacksubuntu/philbart_ws/devel/share/gennodejs/ros/piksi_rtk_msgs/srv/SettingsReadResp.js
Symlinking /home/jacksubuntu/philbart_ws/devel/share/gennodejs/ros/piksi_rtk_msgs/srv/_index.js
Symlinking /home/jacksubuntu/philbart_ws/devel/share/gennodejs/ros/piksi_rtk_msgs/srv/SettingsWrite.js
Symlinking /home/jacksubuntu/philbart_ws/devel/include/piksi_rtk_msgs/Observation.h
Symlinking /home/jacksubuntu/philbart_ws/devel/include/piksi_rtk_msgs/UartState.h
Symlinking /home/jacksubuntu/philbart_ws/devel/include/piksi_rtk_msgs/BaselineEcef.h
Symlinking /home/jacksubuntu/philbart_ws/devel/include/piksi_rtk_msgs/SettingsReadResp.h
Symlinking /home/jacksubuntu/philbart_ws/devel/include/piksi_rtk_msgs/SettingsWrite.h
Symlinking /home/jacksubuntu/philbart_ws/devel/include/piksi_rtk_msgs/VelNed.h
Symlinking /home/jacksubuntu/philbart_ws/devel/include/piksi_rtk_msgs/AgeOfCorrections.h
Symlinking /home/jacksubuntu/philbart_ws/devel/include/piksi_rtk_msgs/BaselineHeading.h
Symlinking /home/jacksubuntu/philbart_ws/devel/include/piksi_rtk_msgs/ReceiverState.h
Symlinking /home/jacksubuntu/philbart_ws/devel/include/piksi_rtk_msgs/SettingsWriteRequest.h
Symlinking /home/jacksubuntu/philbart_ws/devel/include/piksi_rtk_msgs/TrackingState.h
Symlinking /home/jacksubuntu/philbart_ws/devel/include/piksi_rtk_msgs/VelEcef.h
Symlinking /home/jacksubuntu/philbart_ws/devel/include/piksi_rtk_msgs/SettingsReadReq.h
Symlinking /home/jacksubuntu/philbart_ws/devel/include/piksi_rtk_msgs/GpsTime.h
Symlinking /home/jacksubuntu/philbart_ws/devel/include/piksi_rtk_msgs/TrackingState_V2_3_15.h
Symlinking /home/jacksubuntu/philbart_ws/devel/include/piksi_rtk_msgs/SettingsReadReqRequest.h
Symlinking /home/jacksubuntu/philbart_ws/devel/include/piksi_rtk_msgs/UartState_V2_3_15.h
Symlinking /home/jacksubuntu/philbart_ws/devel/include/piksi_rtk_msgs/BasePosLlh.h
Symlinking /home/jacksubuntu/philbart_ws/devel/include/piksi_rtk_msgs/BasePosEcef.h
Symlinking /home/jacksubuntu/philbart_ws/devel/include/piksi_rtk_msgs/UtcTimeMulti.h
Symlinking /home/jacksubuntu/philbart_ws/devel/include/piksi_rtk_msgs/Heartbeat.h
Symlinking /home/jacksubuntu/philbart_ws/devel/include/piksi_rtk_msgs/PosLlh.h
Symlinking /home/jacksubuntu/philbart_ws/devel/include/piksi_rtk_msgs/ReceiverState_V2_4_1.h
Symlinking /home/jacksubuntu/philbart_ws/devel/include/piksi_rtk_msgs/ImuRawMulti.h
Symlinking /home/jacksubuntu/philbart_ws/devel/include/piksi_rtk_msgs/ReceiverState_V2_2_15.h
Symlinking /home/jacksubuntu/philbart_ws/devel/include/piksi_rtk_msgs/GpsTimeMulti.h
Symlinking /home/jacksubuntu/philbart_ws/devel/include/piksi_rtk_msgs/SettingsReadRespRequest.h
Symlinking /home/jacksubuntu/philbart_ws/devel/include/piksi_rtk_msgs/Log.h
Symlinking /home/jacksubuntu/philbart_ws/devel/include/piksi_rtk_msgs/MeasurementState_V2_4_1.h
Symlinking /home/jacksubuntu/philbart_ws/devel/include/piksi_rtk_msgs/PosEcef.h
Symlinking /home/jacksubuntu/philbart_ws/devel/include/piksi_rtk_msgs/SettingsReadRespResponse.h
Symlinking /home/jacksubuntu/philbart_ws/devel/include/piksi_rtk_msgs/DeviceMonitor_V2_3_15.h
Symlinking /home/jacksubuntu/philbart_ws/devel/include/piksi_rtk_msgs/ImuAuxMulti.h
Symlinking /home/jacksubuntu/philbart_ws/devel/include/piksi_rtk_msgs/PosLlhMulti.h
Symlinking /home/jacksubuntu/philbart_ws/devel/include/piksi_rtk_msgs/Dops.h
Symlinking /home/jacksubuntu/philbart_ws/devel/include/piksi_rtk_msgs/BaselineNed.h
Symlinking /home/jacksubuntu/philbart_ws/devel/include/piksi_rtk_msgs/InfoWifiCorrections.h
Symlinking /home/jacksubuntu/philbart_ws/devel/include/piksi_rtk_msgs/ReceiverState_V2_3_15.h
Symlinking /home/jacksubuntu/philbart_ws/devel/include/piksi_rtk_msgs/DopsMulti.h
Symlinking /home/jacksubuntu/philbart_ws/devel/include/piksi_rtk_msgs/MagRaw.h
Symlinking /home/jacksubuntu/philbart_ws/devel/include/piksi_rtk_msgs/SettingsWriteResponse.h
Symlinking /home/jacksubuntu/philbart_ws/devel/include/piksi_rtk_msgs/SettingsReadReqResponse.h
Symlinking /home/jacksubuntu/philbart_ws/devel/include/piksi_rtk_msgs/TrackingState_V2_2_15.h
Symlinking /home/jacksubuntu/philbart_ws/devel/lib/pkgconfig/piksi_rtk_msgs.pc
Symlinking /home/jacksubuntu/philbart_ws/devel/lib/python2.7/dist-packages/piksi_rtk_msgs/__init__.py
Symlinking /home/jacksubuntu/philbart_ws/devel/lib/python2.7/dist-packages/piksi_rtk_msgs/msg/_BasePosEcef.py
Symlinking /home/jacksubuntu/philbart_ws/devel/lib/python2.7/dist-packages/piksi_rtk_msgs/msg/_TrackingState_V2_2_15.py
Symlinking /home/jacksubuntu/philbart_ws/devel/lib/python2.7/dist-packages/piksi_rtk_msgs/msg/_UartState_V2_3_15.py
Symlinking /home/jacksubuntu/philbart_ws/devel/lib/python2.7/dist-packages/piksi_rtk_msgs/msg/_ReceiverState.py
Symlinking /home/jacksubuntu/philbart_ws/devel/lib/python2.7/dist-packages/piksi_rtk_msgs/msg/_Observation.py
Symlinking /home/jacksubuntu/philbart_ws/devel/lib/python2.7/dist-packages/piksi_rtk_msgs/msg/_ReceiverState_V2_2_15.py
Symlinking /home/jacksubuntu/philbart_ws/devel/lib/python2.7/dist-packages/piksi_rtk_msgs/msg/_TrackingState.py
Symlinking /home/jacksubuntu/philbart_ws/devel/lib/python2.7/dist-packages/piksi_rtk_msgs/msg/_PosEcef.py
Symlinking /home/jacksubuntu/philbart_ws/devel/lib/python2.7/dist-packages/piksi_rtk_msgs/msg/_GpsTime.py
Symlinking /home/jacksubuntu/philbart_ws/devel/lib/python2.7/dist-packages/piksi_rtk_msgs/msg/_ImuRawMulti.py
Symlinking /home/jacksubuntu/philbart_ws/devel/lib/python2.7/dist-packages/piksi_rtk_msgs/msg/_BaselineEcef.py
Symlinking /home/jacksubuntu/philbart_ws/devel/lib/python2.7/dist-packages/piksi_rtk_msgs/msg/_Heartbeat.py
Symlinking /home/jacksubuntu/philbart_ws/devel/lib/python2.7/dist-packages/piksi_rtk_msgs/msg/_MagRaw.py
Symlinking /home/jacksubuntu/philbart_ws/devel/lib/python2.7/dist-packages/piksi_rtk_msgs/msg/_UtcTimeMulti.py
Symlinking /home/jacksubuntu/philbart_ws/devel/lib/python2.7/dist-packages/piksi_rtk_msgs/msg/_BaselineHeading.py
Symlinking /home/jacksubuntu/philbart_ws/devel/lib/python2.7/dist-packages/piksi_rtk_msgs/msg/_Log.py
Symlinking /home/jacksubuntu/philbart_ws/devel/lib/python2.7/dist-packages/piksi_rtk_msgs/msg/_AgeOfCorrections.py
Symlinking /home/jacksubuntu/philbart_ws/devel/lib/python2.7/dist-packages/piksi_rtk_msgs/msg/_ImuAuxMulti.py
Symlinking /home/jacksubuntu/philbart_ws/devel/lib/python2.7/dist-packages/piksi_rtk_msgs/msg/_ReceiverState_V2_3_15.py
Symlinking /home/jacksubuntu/philbart_ws/devel/lib/python2.7/dist-packages/piksi_rtk_msgs/msg/_GpsTimeMulti.py
Symlinking /home/jacksubuntu/philbart_ws/devel/lib/python2.7/dist-packages/piksi_rtk_msgs/msg/_BaselineNed.py
Symlinking /home/jacksubuntu/philbart_ws/devel/lib/python2.7/dist-packages/piksi_rtk_msgs/msg/_Dops.py
Symlinking /home/jacksubuntu/philbart_ws/devel/lib/python2.7/dist-packages/piksi_rtk_msgs/msg/_MeasurementState_V2_4_1.py
Symlinking /home/jacksubuntu/philbart_ws/devel/lib/python2.7/dist-packages/piksi_rtk_msgs/msg/_VelEcef.py
Symlinking /home/jacksubuntu/philbart_ws/devel/lib/python2.7/dist-packages/piksi_rtk_msgs/msg/_TrackingState_V2_3_15.py
Symlinking /home/jacksubuntu/philbart_ws/devel/lib/python2.7/dist-packages/piksi_rtk_msgs/msg/_DopsMulti.py
Symlinking /home/jacksubuntu/philbart_ws/devel/lib/python2.7/dist-packages/piksi_rtk_msgs/msg/_ReceiverState_V2_4_1.py
Symlinking /home/jacksubuntu/philbart_ws/devel/lib/python2.7/dist-packages/piksi_rtk_msgs/msg/__init__.py
Symlinking /home/jacksubuntu/philbart_ws/devel/lib/python2.7/dist-packages/piksi_rtk_msgs/msg/_BasePosLlh.py
Symlinking /home/jacksubuntu/philbart_ws/devel/lib/python2.7/dist-packages/piksi_rtk_msgs/msg/_PosLlh.py
Symlinking /home/jacksubuntu/philbart_ws/devel/lib/python2.7/dist-packages/piksi_rtk_msgs/msg/_DeviceMonitor_V2_3_15.py
Symlinking /home/jacksubuntu/philbart_ws/devel/lib/python2.7/dist-packages/piksi_rtk_msgs/msg/_UartState.py
Symlinking /home/jacksubuntu/philbart_ws/devel/lib/python2.7/dist-packages/piksi_rtk_msgs/msg/_InfoWifiCorrections.py
Symlinking /home/jacksubuntu/philbart_ws/devel/lib/python2.7/dist-packages/piksi_rtk_msgs/msg/_VelNed.py
Symlinking /home/jacksubuntu/philbart_ws/devel/lib/python2.7/dist-packages/piksi_rtk_msgs/msg/_PosLlhMulti.py
Symlinking /home/jacksubuntu/philbart_ws/devel/lib/python2.7/dist-packages/piksi_rtk_msgs/srv/_SettingsReadResp.py
Symlinking /home/jacksubuntu/philbart_ws/devel/lib/python2.7/dist-packages/piksi_rtk_msgs/srv/_SettingsReadReq.py
Symlinking /home/jacksubuntu/philbart_ws/devel/lib/python2.7/dist-packages/piksi_rtk_msgs/srv/__init__.py
Symlinking /home/jacksubuntu/philbart_ws/devel/lib/python2.7/dist-packages/piksi_rtk_msgs/srv/_SettingsWrite.py
