[  0%] Built target dynamic_reconfigure_generate_messages_nodejs
[  0%] Built target _sick_scan_generate_messages_check_deps_SickImu
[  0%] Built target _sick_scan_generate_messages_check_deps_RadarPreHeaderStatusBlock
[  0%] Built target geometry_msgs_generate_messages_py
[  0%] Built target _sick_scan_generate_messages_check_deps_RadarPreHeader
[  0%] Built target sensor_msgs_generate_messages_py
[  0%] Built target std_msgs_generate_messages_py
[  0%] Built target _sick_scan_generate_messages_check_deps_RadarObject
[  0%] Built target _sick_scan_generate_messages_check_deps_RadarScan
[  0%] Built target _sick_scan_generate_messages_check_deps_RadarPreHeaderMeasurementParam1Block
[  0%] Built target _sick_scan_generate_messages_check_deps_RadarPreHeaderDeviceBlock
[  0%] Built target _sick_scan_generate_messages_check_deps_RadarPreHeaderEncoderBlock
[  0%] Built target geometry_msgs_generate_messages_eus
[  0%] Built target sensor_msgs_generate_messages_eus
[  0%] Built target std_msgs_generate_messages_eus
[  0%] Built target geometry_msgs_generate_messages_cpp
[  0%] Built target std_msgs_generate_messages_cpp
[  0%] Built target sensor_msgs_generate_messages_cpp
[  0%] Built target visualization_msgs_generate_messages_cpp
[  0%] Built target dynamic_reconfigure_gencfg
[  0%] Built target diagnostic_msgs_generate_messages_py
[  0%] Built target tf_generate_messages_lisp
[  0%] Built target diagnostic_msgs_generate_messages_nodejs
[  0%] Built target diagnostic_msgs_generate_messages_cpp
[  0%] Built target std_msgs_generate_messages_nodejs
[  0%] Built target rosgraph_msgs_generate_messages_py
[  0%] Built target actionlib_generate_messages_cpp
[  0%] Built target visualization_msgs_generate_messages_py
[  0%] Built target roscpp_generate_messages_py
[  2%] Built target sick_scan_gencfg
[  2%] Built target geometry_msgs_generate_messages_nodejs
[  2%] Built target roscpp_generate_messages_cpp
[  2%] Built target visualization_msgs_generate_messages_lisp
[  2%] Built target dynamic_reconfigure_generate_messages_cpp
[  2%] Built target roscpp_generate_messages_eus
[  2%] Built target diagnostic_msgs_generate_messages_lisp
[  2%] Built target bond_generate_messages_eus
[  2%] Built target geometry_msgs_generate_messages_lisp
[  2%] Built target bond_generate_messages_py
[  2%] Built target std_srvs_generate_messages_lisp
[  2%] Built target std_msgs_generate_messages_lisp
[  2%] Built target nodelet_generate_messages_py
[  2%] Built target diagnostic_msgs_generate_messages_eus
[  2%] Built target rosgraph_msgs_generate_messages_cpp
[  2%] Built target pcl_msgs_generate_messages_eus
[  2%] Built target std_srvs_generate_messages_eus
[  2%] Built target tf_generate_messages_cpp
[  2%] Built target sensor_msgs_generate_messages_nodejs
[  2%] Built target actionlib_generate_messages_nodejs
[  2%] Built target actionlib_msgs_generate_messages_cpp
[  2%] Built target rosgraph_msgs_generate_messages_nodejs
[  2%] Built target roscpp_generate_messages_nodejs
[  2%] Built target pcl_msgs_generate_messages_nodejs
[  2%] Built target std_srvs_generate_messages_nodejs
[  2%] Built target rosgraph_msgs_generate_messages_lisp
[  2%] Built target rosgraph_msgs_generate_messages_eus
[  2%] Built target sensor_msgs_generate_messages_lisp
[  2%] Built target dynamic_reconfigure_generate_messages_lisp
[  2%] Built target roscpp_generate_messages_lisp
[  2%] Built target tf_generate_messages_nodejs
[  2%] Built target std_srvs_generate_messages_py
[ 12%] Built target sick_scan_generate_messages_nodejs
[ 12%] Built target visualization_msgs_generate_messages_nodejs
[ 12%] Built target pcl_msgs_generate_messages_lisp
[ 12%] Built target nodelet_generate_messages_cpp
[ 12%] Built target pcl_ros_gencfg
[ 12%] Built target tf2_msgs_generate_messages_eus
[ 12%] Built target visualization_msgs_generate_messages_eus
[ 12%] Built target dynamic_reconfigure_generate_messages_eus
[ 12%] Built target pcl_msgs_generate_messages_py
[ 12%] Built target tf2_msgs_generate_messages_nodejs
[ 12%] Built target bond_generate_messages_nodejs
[ 12%] Built target nodelet_generate_messages_nodejs
[ 12%] Built target nodelet_generate_messages_lisp
[ 12%] Built target bond_generate_messages_cpp
[ 12%] Built target bond_generate_messages_lisp
[ 12%] Built target nodelet_generate_messages_eus
[ 12%] Built target topic_tools_generate_messages_cpp
[ 12%] Built target topic_tools_generate_messages_eus
[ 12%] Built target nodelet_topic_tools_gencfg
[ 12%] Built target std_srvs_generate_messages_cpp
[ 12%] Built target pcl_msgs_generate_messages_cpp
[ 12%] Built target topic_tools_generate_messages_lisp
[ 12%] Built target topic_tools_generate_messages_nodejs
[ 12%] Built target topic_tools_generate_messages_py
[ 12%] Built target actionlib_msgs_generate_messages_nodejs
[ 12%] Built target tf_generate_messages_py
[ 12%] Built target tf_generate_messages_eus
[ 12%] Built target tf2_msgs_generate_messages_py
[ 12%] Built target actionlib_generate_messages_eus
[ 12%] Built target actionlib_msgs_generate_messages_eus
[ 12%] Built target actionlib_generate_messages_lisp
[ 12%] Built target dynamic_reconfigure_generate_messages_py
[ 12%] Built target actionlib_generate_messages_py
[ 12%] Built target actionlib_msgs_generate_messages_py
[ 12%] Built target actionlib_msgs_generate_messages_lisp
[ 12%] Built target tf2_msgs_generate_messages_cpp
[ 12%] Built target tf2_msgs_generate_messages_lisp
[ 24%] Built target sick_scan_generate_messages_py
[ 29%] Built target pcl_converter
[ 39%] Built target sick_scan_generate_messages_eus
[ 49%] Built target sick_scan_generate_messages_cpp
[ 59%] Built target sick_scan_generate_messages_lisp
[ 59%] Built target sick_scan_generate_messages
[ 84%] Built target sick_scan_lib
[ 88%] Built target sick_generic_caller
[ 92%] Built target radar_object_marker
[100%] Built target sick_scan_test
