Determining if the pthread_create exist failed with the following output:
Change Dir: /home/jacksubuntu/philbart_ws/build_isolated/rviz_satellite/CMakeFiles/CMakeTmp

Run Build Command:"/usr/bin/make" "cmTC_ce2aa/fast"
/usr/bin/make -f CMakeFiles/cmTC_ce2aa.dir/build.make CMakeFiles/cmTC_ce2aa.dir/build
make[1]: Entering directory '/home/jacksubuntu/philbart_ws/build_isolated/rviz_satellite/CMakeFiles/CMakeTmp'
Building C object CMakeFiles/cmTC_ce2aa.dir/CheckSymbolExists.c.o
/usr/bin/cc    -o CMakeFiles/cmTC_ce2aa.dir/CheckSymbolExists.c.o   -c /home/jacksubuntu/philbart_ws/build_isolated/rviz_satellite/CMakeFiles/CMakeTmp/CheckSymbolExists.c
Linking C executable cmTC_ce2aa
/home/jacksubuntu/cmake-3.8.0-rc3-Linux-x86_64/bin/cmake -E cmake_link_script CMakeFiles/cmTC_ce2aa.dir/link.txt --verbose=1
/usr/bin/cc      -rdynamic CMakeFiles/cmTC_ce2aa.dir/CheckSymbolExists.c.o  -o cmTC_ce2aa 
CMakeFiles/cmTC_ce2aa.dir/CheckSymbolExists.c.o: In function `main':
CheckSymbolExists.c:(.text+0x16): undefined reference to `pthread_create'
collect2: error: ld returned 1 exit status
CMakeFiles/cmTC_ce2aa.dir/build.make:97: recipe for target 'cmTC_ce2aa' failed
make[1]: *** [cmTC_ce2aa] Error 1
make[1]: Leaving directory '/home/jacksubuntu/philbart_ws/build_isolated/rviz_satellite/CMakeFiles/CMakeTmp'
Makefile:126: recipe for target 'cmTC_ce2aa/fast' failed
make: *** [cmTC_ce2aa/fast] Error 2

File /home/jacksubuntu/philbart_ws/build_isolated/rviz_satellite/CMakeFiles/CMakeTmp/CheckSymbolExists.c:
/* */
#include <pthread.h>

int main(int argc, char** argv)
{
  (void)argv;
#ifndef pthread_create
  return ((int*)(&pthread_create))[argc];
#else
  (void)argc;
  return 0;
#endif
}

Determining if the function pthread_create exists in the pthreads failed with the following output:
Change Dir: /home/jacksubuntu/philbart_ws/build_isolated/rviz_satellite/CMakeFiles/CMakeTmp

Run Build Command:"/usr/bin/make" "cmTC_9a10e/fast"
/usr/bin/make -f CMakeFiles/cmTC_9a10e.dir/build.make CMakeFiles/cmTC_9a10e.dir/build
make[1]: Entering directory '/home/jacksubuntu/philbart_ws/build_isolated/rviz_satellite/CMakeFiles/CMakeTmp'
Building C object CMakeFiles/cmTC_9a10e.dir/CheckFunctionExists.c.o
/usr/bin/cc   -DCHECK_FUNCTION_EXISTS=pthread_create   -o CMakeFiles/cmTC_9a10e.dir/CheckFunctionExists.c.o   -c /home/jacksubuntu/cmake-3.8.0-rc3-Linux-x86_64/share/cmake-3.8/Modules/CheckFunctionExists.c
Linking C executable cmTC_9a10e
/home/jacksubuntu/cmake-3.8.0-rc3-Linux-x86_64/bin/cmake -E cmake_link_script CMakeFiles/cmTC_9a10e.dir/link.txt --verbose=1
/usr/bin/cc  -DCHECK_FUNCTION_EXISTS=pthread_create    -rdynamic CMakeFiles/cmTC_9a10e.dir/CheckFunctionExists.c.o  -o cmTC_9a10e -lpthreads 
/usr/bin/ld: cannot find -lpthreads
collect2: error: ld returned 1 exit status
CMakeFiles/cmTC_9a10e.dir/build.make:97: recipe for target 'cmTC_9a10e' failed
make[1]: *** [cmTC_9a10e] Error 1
make[1]: Leaving directory '/home/jacksubuntu/philbart_ws/build_isolated/rviz_satellite/CMakeFiles/CMakeTmp'
Makefile:126: recipe for target 'cmTC_9a10e/fast' failed
make: *** [cmTC_9a10e/fast] Error 2


