Determining if the pthread_create exist failed with the following output:
Change Dir: /home/jacksubuntu/philbart_ws/build/aus05_philbart/CMakeFiles/CMakeTmp

Run Build Command:"/usr/bin/make" "cmTC_3f797/fast"
/usr/bin/make -f CMakeFiles/cmTC_3f797.dir/build.make CMakeFiles/cmTC_3f797.dir/build
make[1]: Entering directory '/home/jacksubuntu/philbart_ws/build/aus05_philbart/CMakeFiles/CMakeTmp'
Building C object CMakeFiles/cmTC_3f797.dir/CheckSymbolExists.c.o
/usr/bin/cc    -o CMakeFiles/cmTC_3f797.dir/CheckSymbolExists.c.o   -c /home/jacksubuntu/philbart_ws/build/aus05_philbart/CMakeFiles/CMakeTmp/CheckSymbolExists.c
Linking C executable cmTC_3f797
/home/jacksubuntu/cmake-3.8.0-rc3-Linux-x86_64/bin/cmake -E cmake_link_script CMakeFiles/cmTC_3f797.dir/link.txt --verbose=1
/usr/bin/cc      -rdynamic CMakeFiles/cmTC_3f797.dir/CheckSymbolExists.c.o  -o cmTC_3f797 
CMakeFiles/cmTC_3f797.dir/CheckSymbolExists.c.o: In function `main':
CheckSymbolExists.c:(.text+0x16): undefined reference to `pthread_create'
collect2: error: ld returned 1 exit status
CMakeFiles/cmTC_3f797.dir/build.make:97: recipe for target 'cmTC_3f797' failed
make[1]: *** [cmTC_3f797] Error 1
make[1]: Leaving directory '/home/jacksubuntu/philbart_ws/build/aus05_philbart/CMakeFiles/CMakeTmp'
Makefile:126: recipe for target 'cmTC_3f797/fast' failed
make: *** [cmTC_3f797/fast] Error 2

File /home/jacksubuntu/philbart_ws/build/aus05_philbart/CMakeFiles/CMakeTmp/CheckSymbolExists.c:
/* */
#include <pthread.h>

int main(int argc, char** argv)
{
  (void)argv;
#ifndef pthread_create
  return ((int*)(&pthread_create))[argc];
#else
  (void)argc;
  return 0;
#endif
}

Determining if the function pthread_create exists in the pthreads failed with the following output:
Change Dir: /home/jacksubuntu/philbart_ws/build/aus05_philbart/CMakeFiles/CMakeTmp

Run Build Command:"/usr/bin/make" "cmTC_ac7fb/fast"
/usr/bin/make -f CMakeFiles/cmTC_ac7fb.dir/build.make CMakeFiles/cmTC_ac7fb.dir/build
make[1]: Entering directory '/home/jacksubuntu/philbart_ws/build/aus05_philbart/CMakeFiles/CMakeTmp'
Building C object CMakeFiles/cmTC_ac7fb.dir/CheckFunctionExists.c.o
/usr/bin/cc   -DCHECK_FUNCTION_EXISTS=pthread_create   -o CMakeFiles/cmTC_ac7fb.dir/CheckFunctionExists.c.o   -c /home/jacksubuntu/cmake-3.8.0-rc3-Linux-x86_64/share/cmake-3.8/Modules/CheckFunctionExists.c
Linking C executable cmTC_ac7fb
/home/jacksubuntu/cmake-3.8.0-rc3-Linux-x86_64/bin/cmake -E cmake_link_script CMakeFiles/cmTC_ac7fb.dir/link.txt --verbose=1
/usr/bin/cc  -DCHECK_FUNCTION_EXISTS=pthread_create    -rdynamic CMakeFiles/cmTC_ac7fb.dir/CheckFunctionExists.c.o  -o cmTC_ac7fb -lpthreads 
/usr/bin/ld: cannot find -lpthreads
collect2: error: ld returned 1 exit status
CMakeFiles/cmTC_ac7fb.dir/build.make:97: recipe for target 'cmTC_ac7fb' failed
make[1]: *** [cmTC_ac7fb] Error 1
make[1]: Leaving directory '/home/jacksubuntu/philbart_ws/build/aus05_philbart/CMakeFiles/CMakeTmp'
Makefile:126: recipe for target 'cmTC_ac7fb/fast' failed
make: *** [cmTC_ac7fb/fast] Error 2


