Determining if the pthread_create exist failed with the following output:
Change Dir: /home/jacksubuntu/philbart_ws/build_isolated/piksi_multi_rtk_ros/CMakeFiles/CMakeTmp

Run Build Command:"/usr/bin/make" "cmTC_de7d6/fast"
/usr/bin/make -f CMakeFiles/cmTC_de7d6.dir/build.make CMakeFiles/cmTC_de7d6.dir/build
make[1]: Entering directory '/home/jacksubuntu/philbart_ws/build_isolated/piksi_multi_rtk_ros/CMakeFiles/CMakeTmp'
Building C object CMakeFiles/cmTC_de7d6.dir/CheckSymbolExists.c.o
/usr/bin/cc    -o CMakeFiles/cmTC_de7d6.dir/CheckSymbolExists.c.o   -c /home/jacksubuntu/philbart_ws/build_isolated/piksi_multi_rtk_ros/CMakeFiles/CMakeTmp/CheckSymbolExists.c
Linking C executable cmTC_de7d6
/home/jacksubuntu/cmake-3.8.0-rc3-Linux-x86_64/bin/cmake -E cmake_link_script CMakeFiles/cmTC_de7d6.dir/link.txt --verbose=1
/usr/bin/cc      -rdynamic CMakeFiles/cmTC_de7d6.dir/CheckSymbolExists.c.o  -o cmTC_de7d6 
CMakeFiles/cmTC_de7d6.dir/CheckSymbolExists.c.o: In function `main':
CheckSymbolExists.c:(.text+0x16): undefined reference to `pthread_create'
collect2: error: ld returned 1 exit status
CMakeFiles/cmTC_de7d6.dir/build.make:97: recipe for target 'cmTC_de7d6' failed
make[1]: *** [cmTC_de7d6] Error 1
make[1]: Leaving directory '/home/jacksubuntu/philbart_ws/build_isolated/piksi_multi_rtk_ros/CMakeFiles/CMakeTmp'
Makefile:126: recipe for target 'cmTC_de7d6/fast' failed
make: *** [cmTC_de7d6/fast] Error 2

File /home/jacksubuntu/philbart_ws/build_isolated/piksi_multi_rtk_ros/CMakeFiles/CMakeTmp/CheckSymbolExists.c:
/* */
#include <pthread.h>

int main(int argc, char** argv)
{
  (void)argv;
#ifndef pthread_create
  return ((int*)(&pthread_create))[argc];
#else
  (void)argc;
  return 0;
#endif
}

Determining if the function pthread_create exists in the pthreads failed with the following output:
Change Dir: /home/jacksubuntu/philbart_ws/build_isolated/piksi_multi_rtk_ros/CMakeFiles/CMakeTmp

Run Build Command:"/usr/bin/make" "cmTC_2e298/fast"
/usr/bin/make -f CMakeFiles/cmTC_2e298.dir/build.make CMakeFiles/cmTC_2e298.dir/build
make[1]: Entering directory '/home/jacksubuntu/philbart_ws/build_isolated/piksi_multi_rtk_ros/CMakeFiles/CMakeTmp'
Building C object CMakeFiles/cmTC_2e298.dir/CheckFunctionExists.c.o
/usr/bin/cc   -DCHECK_FUNCTION_EXISTS=pthread_create   -o CMakeFiles/cmTC_2e298.dir/CheckFunctionExists.c.o   -c /home/jacksubuntu/cmake-3.8.0-rc3-Linux-x86_64/share/cmake-3.8/Modules/CheckFunctionExists.c
Linking C executable cmTC_2e298
/home/jacksubuntu/cmake-3.8.0-rc3-Linux-x86_64/bin/cmake -E cmake_link_script CMakeFiles/cmTC_2e298.dir/link.txt --verbose=1
/usr/bin/cc  -DCHECK_FUNCTION_EXISTS=pthread_create    -rdynamic CMakeFiles/cmTC_2e298.dir/CheckFunctionExists.c.o  -o cmTC_2e298 -lpthreads 
/usr/bin/ld: cannot find -lpthreads
collect2: error: ld returned 1 exit status
CMakeFiles/cmTC_2e298.dir/build.make:97: recipe for target 'cmTC_2e298' failed
make[1]: *** [cmTC_2e298] Error 1
make[1]: Leaving directory '/home/jacksubuntu/philbart_ws/build_isolated/piksi_multi_rtk_ros/CMakeFiles/CMakeTmp'
Makefile:126: recipe for target 'cmTC_2e298/fast' failed
make: *** [cmTC_2e298/fast] Error 2


