Determining if the pthread_create exist failed with the following output:
Change Dir: /home/jacksubuntu/philbart_ws/build_isolated/philbart_navigation/CMakeFiles/CMakeTmp

Run Build Command:"/usr/bin/make" "cmTC_0f891/fast"
/usr/bin/make -f CMakeFiles/cmTC_0f891.dir/build.make CMakeFiles/cmTC_0f891.dir/build
make[1]: Entering directory '/home/jacksubuntu/philbart_ws/build_isolated/philbart_navigation/CMakeFiles/CMakeTmp'
Building C object CMakeFiles/cmTC_0f891.dir/CheckSymbolExists.c.o
/usr/bin/cc    -o CMakeFiles/cmTC_0f891.dir/CheckSymbolExists.c.o   -c /home/jacksubuntu/philbart_ws/build_isolated/philbart_navigation/CMakeFiles/CMakeTmp/CheckSymbolExists.c
Linking C executable cmTC_0f891
/home/jacksubuntu/cmake-3.8.0-rc3-Linux-x86_64/bin/cmake -E cmake_link_script CMakeFiles/cmTC_0f891.dir/link.txt --verbose=1
/usr/bin/cc      -rdynamic CMakeFiles/cmTC_0f891.dir/CheckSymbolExists.c.o  -o cmTC_0f891 
CMakeFiles/cmTC_0f891.dir/CheckSymbolExists.c.o: In function `main':
CheckSymbolExists.c:(.text+0x16): undefined reference to `pthread_create'
collect2: error: ld returned 1 exit status
CMakeFiles/cmTC_0f891.dir/build.make:97: recipe for target 'cmTC_0f891' failed
make[1]: *** [cmTC_0f891] Error 1
make[1]: Leaving directory '/home/jacksubuntu/philbart_ws/build_isolated/philbart_navigation/CMakeFiles/CMakeTmp'
Makefile:126: recipe for target 'cmTC_0f891/fast' failed
make: *** [cmTC_0f891/fast] Error 2

File /home/jacksubuntu/philbart_ws/build_isolated/philbart_navigation/CMakeFiles/CMakeTmp/CheckSymbolExists.c:
/* */
#include <pthread.h>

int main(int argc, char** argv)
{
  (void)argv;
#ifndef pthread_create
  return ((int*)(&pthread_create))[argc];
#else
  (void)argc;
  return 0;
#endif
}

Determining if the function pthread_create exists in the pthreads failed with the following output:
Change Dir: /home/jacksubuntu/philbart_ws/build_isolated/philbart_navigation/CMakeFiles/CMakeTmp

Run Build Command:"/usr/bin/make" "cmTC_ed1ad/fast"
/usr/bin/make -f CMakeFiles/cmTC_ed1ad.dir/build.make CMakeFiles/cmTC_ed1ad.dir/build
make[1]: Entering directory '/home/jacksubuntu/philbart_ws/build_isolated/philbart_navigation/CMakeFiles/CMakeTmp'
Building C object CMakeFiles/cmTC_ed1ad.dir/CheckFunctionExists.c.o
/usr/bin/cc   -DCHECK_FUNCTION_EXISTS=pthread_create   -o CMakeFiles/cmTC_ed1ad.dir/CheckFunctionExists.c.o   -c /home/jacksubuntu/cmake-3.8.0-rc3-Linux-x86_64/share/cmake-3.8/Modules/CheckFunctionExists.c
Linking C executable cmTC_ed1ad
/home/jacksubuntu/cmake-3.8.0-rc3-Linux-x86_64/bin/cmake -E cmake_link_script CMakeFiles/cmTC_ed1ad.dir/link.txt --verbose=1
/usr/bin/cc  -DCHECK_FUNCTION_EXISTS=pthread_create    -rdynamic CMakeFiles/cmTC_ed1ad.dir/CheckFunctionExists.c.o  -o cmTC_ed1ad -lpthreads 
/usr/bin/ld: cannot find -lpthreads
collect2: error: ld returned 1 exit status
CMakeFiles/cmTC_ed1ad.dir/build.make:97: recipe for target 'cmTC_ed1ad' failed
make[1]: *** [cmTC_ed1ad] Error 1
make[1]: Leaving directory '/home/jacksubuntu/philbart_ws/build_isolated/philbart_navigation/CMakeFiles/CMakeTmp'
Makefile:126: recipe for target 'cmTC_ed1ad/fast' failed
make: *** [cmTC_ed1ad/fast] Error 2


