Determining if the pthread_create exist failed with the following output:
Change Dir: /home/jacksubuntu/philbart_ws/build_isolated/piksi_v2_rtk_ros/CMakeFiles/CMakeTmp

Run Build Command:"/usr/bin/make" "cmTC_7d75d/fast"
/usr/bin/make -f CMakeFiles/cmTC_7d75d.dir/build.make CMakeFiles/cmTC_7d75d.dir/build
make[1]: Entering directory '/home/jacksubuntu/philbart_ws/build_isolated/piksi_v2_rtk_ros/CMakeFiles/CMakeTmp'
Building C object CMakeFiles/cmTC_7d75d.dir/CheckSymbolExists.c.o
/usr/bin/cc    -o CMakeFiles/cmTC_7d75d.dir/CheckSymbolExists.c.o   -c /home/jacksubuntu/philbart_ws/build_isolated/piksi_v2_rtk_ros/CMakeFiles/CMakeTmp/CheckSymbolExists.c
Linking C executable cmTC_7d75d
/home/jacksubuntu/cmake-3.8.0-rc3-Linux-x86_64/bin/cmake -E cmake_link_script CMakeFiles/cmTC_7d75d.dir/link.txt --verbose=1
/usr/bin/cc      -rdynamic CMakeFiles/cmTC_7d75d.dir/CheckSymbolExists.c.o  -o cmTC_7d75d 
CMakeFiles/cmTC_7d75d.dir/CheckSymbolExists.c.o: In function `main':
CheckSymbolExists.c:(.text+0x16): undefined reference to `pthread_create'
collect2: error: ld returned 1 exit status
CMakeFiles/cmTC_7d75d.dir/build.make:97: recipe for target 'cmTC_7d75d' failed
make[1]: *** [cmTC_7d75d] Error 1
make[1]: Leaving directory '/home/jacksubuntu/philbart_ws/build_isolated/piksi_v2_rtk_ros/CMakeFiles/CMakeTmp'
Makefile:126: recipe for target 'cmTC_7d75d/fast' failed
make: *** [cmTC_7d75d/fast] Error 2

File /home/jacksubuntu/philbart_ws/build_isolated/piksi_v2_rtk_ros/CMakeFiles/CMakeTmp/CheckSymbolExists.c:
/* */
#include <pthread.h>

int main(int argc, char** argv)
{
  (void)argv;
#ifndef pthread_create
  return ((int*)(&pthread_create))[argc];
#else
  (void)argc;
  return 0;
#endif
}

Determining if the function pthread_create exists in the pthreads failed with the following output:
Change Dir: /home/jacksubuntu/philbart_ws/build_isolated/piksi_v2_rtk_ros/CMakeFiles/CMakeTmp

Run Build Command:"/usr/bin/make" "cmTC_589ed/fast"
/usr/bin/make -f CMakeFiles/cmTC_589ed.dir/build.make CMakeFiles/cmTC_589ed.dir/build
make[1]: Entering directory '/home/jacksubuntu/philbart_ws/build_isolated/piksi_v2_rtk_ros/CMakeFiles/CMakeTmp'
Building C object CMakeFiles/cmTC_589ed.dir/CheckFunctionExists.c.o
/usr/bin/cc   -DCHECK_FUNCTION_EXISTS=pthread_create   -o CMakeFiles/cmTC_589ed.dir/CheckFunctionExists.c.o   -c /home/jacksubuntu/cmake-3.8.0-rc3-Linux-x86_64/share/cmake-3.8/Modules/CheckFunctionExists.c
Linking C executable cmTC_589ed
/home/jacksubuntu/cmake-3.8.0-rc3-Linux-x86_64/bin/cmake -E cmake_link_script CMakeFiles/cmTC_589ed.dir/link.txt --verbose=1
/usr/bin/cc  -DCHECK_FUNCTION_EXISTS=pthread_create    -rdynamic CMakeFiles/cmTC_589ed.dir/CheckFunctionExists.c.o  -o cmTC_589ed -lpthreads 
/usr/bin/ld: cannot find -lpthreads
collect2: error: ld returned 1 exit status
CMakeFiles/cmTC_589ed.dir/build.make:97: recipe for target 'cmTC_589ed' failed
make[1]: *** [cmTC_589ed] Error 1
make[1]: Leaving directory '/home/jacksubuntu/philbart_ws/build_isolated/piksi_v2_rtk_ros/CMakeFiles/CMakeTmp'
Makefile:126: recipe for target 'cmTC_589ed/fast' failed
make: *** [cmTC_589ed/fast] Error 2


