Determining if the pthread_create exist failed with the following output:
Change Dir: /home/jacksubuntu/philbart_ws/build_isolated/piksi_rtk_msgs/CMakeFiles/CMakeTmp

Run Build Command:"/usr/bin/make" "cmTC_5bef4/fast"
/usr/bin/make -f CMakeFiles/cmTC_5bef4.dir/build.make CMakeFiles/cmTC_5bef4.dir/build
make[1]: Entering directory '/home/jacksubuntu/philbart_ws/build_isolated/piksi_rtk_msgs/CMakeFiles/CMakeTmp'
Building C object CMakeFiles/cmTC_5bef4.dir/CheckSymbolExists.c.o
/usr/bin/cc    -o CMakeFiles/cmTC_5bef4.dir/CheckSymbolExists.c.o   -c /home/jacksubuntu/philbart_ws/build_isolated/piksi_rtk_msgs/CMakeFiles/CMakeTmp/CheckSymbolExists.c
Linking C executable cmTC_5bef4
/home/jacksubuntu/cmake-3.8.0-rc3-Linux-x86_64/bin/cmake -E cmake_link_script CMakeFiles/cmTC_5bef4.dir/link.txt --verbose=1
/usr/bin/cc      -rdynamic CMakeFiles/cmTC_5bef4.dir/CheckSymbolExists.c.o  -o cmTC_5bef4 
CMakeFiles/cmTC_5bef4.dir/CheckSymbolExists.c.o: In function `main':
CheckSymbolExists.c:(.text+0x16): undefined reference to `pthread_create'
collect2: error: ld returned 1 exit status
CMakeFiles/cmTC_5bef4.dir/build.make:97: recipe for target 'cmTC_5bef4' failed
make[1]: *** [cmTC_5bef4] Error 1
make[1]: Leaving directory '/home/jacksubuntu/philbart_ws/build_isolated/piksi_rtk_msgs/CMakeFiles/CMakeTmp'
Makefile:126: recipe for target 'cmTC_5bef4/fast' failed
make: *** [cmTC_5bef4/fast] Error 2

File /home/jacksubuntu/philbart_ws/build_isolated/piksi_rtk_msgs/CMakeFiles/CMakeTmp/CheckSymbolExists.c:
/* */
#include <pthread.h>

int main(int argc, char** argv)
{
  (void)argv;
#ifndef pthread_create
  return ((int*)(&pthread_create))[argc];
#else
  (void)argc;
  return 0;
#endif
}

Determining if the function pthread_create exists in the pthreads failed with the following output:
Change Dir: /home/jacksubuntu/philbart_ws/build_isolated/piksi_rtk_msgs/CMakeFiles/CMakeTmp

Run Build Command:"/usr/bin/make" "cmTC_f5c15/fast"
/usr/bin/make -f CMakeFiles/cmTC_f5c15.dir/build.make CMakeFiles/cmTC_f5c15.dir/build
make[1]: Entering directory '/home/jacksubuntu/philbart_ws/build_isolated/piksi_rtk_msgs/CMakeFiles/CMakeTmp'
Building C object CMakeFiles/cmTC_f5c15.dir/CheckFunctionExists.c.o
/usr/bin/cc   -DCHECK_FUNCTION_EXISTS=pthread_create   -o CMakeFiles/cmTC_f5c15.dir/CheckFunctionExists.c.o   -c /home/jacksubuntu/cmake-3.8.0-rc3-Linux-x86_64/share/cmake-3.8/Modules/CheckFunctionExists.c
Linking C executable cmTC_f5c15
/home/jacksubuntu/cmake-3.8.0-rc3-Linux-x86_64/bin/cmake -E cmake_link_script CMakeFiles/cmTC_f5c15.dir/link.txt --verbose=1
/usr/bin/cc  -DCHECK_FUNCTION_EXISTS=pthread_create    -rdynamic CMakeFiles/cmTC_f5c15.dir/CheckFunctionExists.c.o  -o cmTC_f5c15 -lpthreads 
/usr/bin/ld: cannot find -lpthreads
collect2: error: ld returned 1 exit status
CMakeFiles/cmTC_f5c15.dir/build.make:97: recipe for target 'cmTC_f5c15' failed
make[1]: *** [cmTC_f5c15] Error 1
make[1]: Leaving directory '/home/jacksubuntu/philbart_ws/build_isolated/piksi_rtk_msgs/CMakeFiles/CMakeTmp'
Makefile:126: recipe for target 'cmTC_f5c15/fast' failed
make: *** [cmTC_f5c15/fast] Error 2


