Determining if the pthread_create exist failed with the following output:
Change Dir: /home/jacksubuntu/philbart_ws/build/piksi_rtk_kml/CMakeFiles/CMakeTmp

Run Build Command:"/usr/bin/make" "cmTC_a13ea/fast"
/usr/bin/make -f CMakeFiles/cmTC_a13ea.dir/build.make CMakeFiles/cmTC_a13ea.dir/build
make[1]: Entering directory '/home/jacksubuntu/philbart_ws/build/piksi_rtk_kml/CMakeFiles/CMakeTmp'
Building C object CMakeFiles/cmTC_a13ea.dir/CheckSymbolExists.c.o
/usr/bin/cc    -o CMakeFiles/cmTC_a13ea.dir/CheckSymbolExists.c.o   -c /home/jacksubuntu/philbart_ws/build/piksi_rtk_kml/CMakeFiles/CMakeTmp/CheckSymbolExists.c
Linking C executable cmTC_a13ea
/home/jacksubuntu/cmake-3.8.0-rc3-Linux-x86_64/bin/cmake -E cmake_link_script CMakeFiles/cmTC_a13ea.dir/link.txt --verbose=1
/usr/bin/cc      -rdynamic CMakeFiles/cmTC_a13ea.dir/CheckSymbolExists.c.o  -o cmTC_a13ea 
CMakeFiles/cmTC_a13ea.dir/CheckSymbolExists.c.o: In function `main':
CheckSymbolExists.c:(.text+0x16): undefined reference to `pthread_create'
collect2: error: ld returned 1 exit status
CMakeFiles/cmTC_a13ea.dir/build.make:97: recipe for target 'cmTC_a13ea' failed
make[1]: *** [cmTC_a13ea] Error 1
make[1]: Leaving directory '/home/jacksubuntu/philbart_ws/build/piksi_rtk_kml/CMakeFiles/CMakeTmp'
Makefile:126: recipe for target 'cmTC_a13ea/fast' failed
make: *** [cmTC_a13ea/fast] Error 2

File /home/jacksubuntu/philbart_ws/build/piksi_rtk_kml/CMakeFiles/CMakeTmp/CheckSymbolExists.c:
/* */
#include <pthread.h>

int main(int argc, char** argv)
{
  (void)argv;
#ifndef pthread_create
  return ((int*)(&pthread_create))[argc];
#else
  (void)argc;
  return 0;
#endif
}

Determining if the function pthread_create exists in the pthreads failed with the following output:
Change Dir: /home/jacksubuntu/philbart_ws/build/piksi_rtk_kml/CMakeFiles/CMakeTmp

Run Build Command:"/usr/bin/make" "cmTC_e524c/fast"
/usr/bin/make -f CMakeFiles/cmTC_e524c.dir/build.make CMakeFiles/cmTC_e524c.dir/build
make[1]: Entering directory '/home/jacksubuntu/philbart_ws/build/piksi_rtk_kml/CMakeFiles/CMakeTmp'
Building C object CMakeFiles/cmTC_e524c.dir/CheckFunctionExists.c.o
/usr/bin/cc   -DCHECK_FUNCTION_EXISTS=pthread_create   -o CMakeFiles/cmTC_e524c.dir/CheckFunctionExists.c.o   -c /home/jacksubuntu/cmake-3.8.0-rc3-Linux-x86_64/share/cmake-3.8/Modules/CheckFunctionExists.c
Linking C executable cmTC_e524c
/home/jacksubuntu/cmake-3.8.0-rc3-Linux-x86_64/bin/cmake -E cmake_link_script CMakeFiles/cmTC_e524c.dir/link.txt --verbose=1
/usr/bin/cc  -DCHECK_FUNCTION_EXISTS=pthread_create    -rdynamic CMakeFiles/cmTC_e524c.dir/CheckFunctionExists.c.o  -o cmTC_e524c -lpthreads 
/usr/bin/ld: cannot find -lpthreads
collect2: error: ld returned 1 exit status
CMakeFiles/cmTC_e524c.dir/build.make:97: recipe for target 'cmTC_e524c' failed
make[1]: *** [cmTC_e524c] Error 1
make[1]: Leaving directory '/home/jacksubuntu/philbart_ws/build/piksi_rtk_kml/CMakeFiles/CMakeTmp'
Makefile:126: recipe for target 'cmTC_e524c/fast' failed
make: *** [cmTC_e524c/fast] Error 2


