Determining if the pthread_create exist failed with the following output:
Change Dir: /home/jacksubuntu/philbart_ws/build_isolated/sick_scan/CMakeFiles/CMakeTmp

Run Build Command:"/usr/bin/make" "cmTC_5b0ac/fast"
/usr/bin/make -f CMakeFiles/cmTC_5b0ac.dir/build.make CMakeFiles/cmTC_5b0ac.dir/build
make[1]: Entering directory '/home/jacksubuntu/philbart_ws/build_isolated/sick_scan/CMakeFiles/CMakeTmp'
Building C object CMakeFiles/cmTC_5b0ac.dir/CheckSymbolExists.c.o
/usr/bin/cc    -o CMakeFiles/cmTC_5b0ac.dir/CheckSymbolExists.c.o   -c /home/jacksubuntu/philbart_ws/build_isolated/sick_scan/CMakeFiles/CMakeTmp/CheckSymbolExists.c
Linking C executable cmTC_5b0ac
/home/jacksubuntu/cmake-3.8.0-rc3-Linux-x86_64/bin/cmake -E cmake_link_script CMakeFiles/cmTC_5b0ac.dir/link.txt --verbose=1
/usr/bin/cc      -rdynamic CMakeFiles/cmTC_5b0ac.dir/CheckSymbolExists.c.o  -o cmTC_5b0ac 
CMakeFiles/cmTC_5b0ac.dir/CheckSymbolExists.c.o: In function `main':
CheckSymbolExists.c:(.text+0x16): undefined reference to `pthread_create'
collect2: error: ld returned 1 exit status
CMakeFiles/cmTC_5b0ac.dir/build.make:97: recipe for target 'cmTC_5b0ac' failed
make[1]: *** [cmTC_5b0ac] Error 1
make[1]: Leaving directory '/home/jacksubuntu/philbart_ws/build_isolated/sick_scan/CMakeFiles/CMakeTmp'
Makefile:126: recipe for target 'cmTC_5b0ac/fast' failed
make: *** [cmTC_5b0ac/fast] Error 2

File /home/jacksubuntu/philbart_ws/build_isolated/sick_scan/CMakeFiles/CMakeTmp/CheckSymbolExists.c:
/* */
#include <pthread.h>

int main(int argc, char** argv)
{
  (void)argv;
#ifndef pthread_create
  return ((int*)(&pthread_create))[argc];
#else
  (void)argc;
  return 0;
#endif
}

Determining if the function pthread_create exists in the pthreads failed with the following output:
Change Dir: /home/jacksubuntu/philbart_ws/build_isolated/sick_scan/CMakeFiles/CMakeTmp

Run Build Command:"/usr/bin/make" "cmTC_a8828/fast"
/usr/bin/make -f CMakeFiles/cmTC_a8828.dir/build.make CMakeFiles/cmTC_a8828.dir/build
make[1]: Entering directory '/home/jacksubuntu/philbart_ws/build_isolated/sick_scan/CMakeFiles/CMakeTmp'
Building C object CMakeFiles/cmTC_a8828.dir/CheckFunctionExists.c.o
/usr/bin/cc   -DCHECK_FUNCTION_EXISTS=pthread_create   -o CMakeFiles/cmTC_a8828.dir/CheckFunctionExists.c.o   -c /home/jacksubuntu/cmake-3.8.0-rc3-Linux-x86_64/share/cmake-3.8/Modules/CheckFunctionExists.c
Linking C executable cmTC_a8828
/home/jacksubuntu/cmake-3.8.0-rc3-Linux-x86_64/bin/cmake -E cmake_link_script CMakeFiles/cmTC_a8828.dir/link.txt --verbose=1
/usr/bin/cc  -DCHECK_FUNCTION_EXISTS=pthread_create    -rdynamic CMakeFiles/cmTC_a8828.dir/CheckFunctionExists.c.o  -o cmTC_a8828 -lpthreads 
/usr/bin/ld: cannot find -lpthreads
collect2: error: ld returned 1 exit status
CMakeFiles/cmTC_a8828.dir/build.make:97: recipe for target 'cmTC_a8828' failed
make[1]: *** [cmTC_a8828] Error 1
make[1]: Leaving directory '/home/jacksubuntu/philbart_ws/build_isolated/sick_scan/CMakeFiles/CMakeTmp'
Makefile:126: recipe for target 'cmTC_a8828/fast' failed
make: *** [cmTC_a8828/fast] Error 2


